Clock: 2 Log: Customer 1 arrived -> assigned to Server 1 (service time: 2)
Clock: 4 Log: Customer 1 left Server 1 (waited: 0, total in system: 2)
Clock: 6 Log: Customer 2 arrived -> assigned to Server 1 (service time: 4)
Clock: 9 Log: Customer 3 arrived -> assigned to Server 2 (service time: 4)
Clock: 10 Log: Customer 2 left Server 1 (waited: 0, total in system: 4)
Clock: 13 Log: Customer 4 arrived -> assigned to Server 1 (service time: 2)
Clock: 13 Log: Customer 3 left Server 2 (waited: 0, total in system: 4)
Clock: 15 Log: Customer 4 left Server 1 (waited: 0, total in system: 2)
Clock: 18 Log: Customer 5 arrived -> assigned to Server 1 (service time: 5)
Clock: 21 Log: Customer 6 arrived -> assigned to Server 2 (service time: 2)
Clock: 22 Log: Customer 7 arrived but all servers busy, added to queue (queue size: 1)
Clock: 23 Log: Customer 5 left Server 1 (waited: 0, total in system: 5)
Clock: 23 Log: Customer 7 dequeued then assigned to Server 1 (service time: 3)
Clock: 23 Log: Customer 6 left Server 2 (waited: 0, total in system: 2)
Clock: 25 Log: Customer 8 arrived -> assigned to Server 2 (service time: 2)
Clock: 26 Log: Customer 7 left Server 1 (waited: 1, total in system: 4)
Clock: 27 Log: Customer 8 left Server 2 (waited: 0, total in system: 2)
Clock: 29 Log: Customer 9 arrived -> assigned to Server 1 (service time: 4)
Clock: 31 Log: Customer 10 arrived -> assigned to Server 2 (service time: 6)
Clock: 32 Log: Customer 11 arrived but all servers busy, added to queue (queue size: 1)
Clock: 33 Log: Customer 9 left Server 1 (waited: 0, total in system: 4)
Clock: 33 Log: Customer 11 dequeued then assigned to Server 1 (service time: 4)
Clock: 37 Log: Customer 10 left Server 2 (waited: 0, total in system: 6)
Clock: 37 Log: Customer 11 left Server 1 (waited: 1, total in system: 5)
Clock: 37 Log: Customer 12 arrived -> assigned to Server 1 (service time: 5)
Clock: 41 Log: Customer 13 arrived -> assigned to Server 2 (service time: 3)
Clock: 42 Log: Customer 12 left Server 1 (waited: 0, total in system: 5)
Clock: 44 Log: Customer 13 left Server 2 (waited: 0, total in system: 3)
Clock: 46 Log: Customer 14 arrived -> assigned to Server 1 (service time: 6)
Clock: 51 Log: Customer 15 arrived -> assigned to Server 2 (service time: 2)
Clock: 52 Log: Customer 14 left Server 1 (waited: 0, total in system: 6)
Clock: 53 Log: Customer 15 left Server 2 (waited: 0, total in system: 2)
Clock: 55 Log: Customer 16 arrived -> assigned to Server 1 (service time: 6)
Clock: 57 Log: Customer 17 arrived -> assigned to Server 2 (service time: 5)
Clock: 58 Log: Customer 18 arrived but all servers busy, added to queue (queue size: 1)
Clock: 61 Log: Customer 16 left Server 1 (waited: 0, total in system: 6)
Clock: 61 Log: Customer 18 dequeued then assigned to Server 1 (service time: 4)
Clock: 62 Log: Customer 19 arrived but all servers busy, added to queue (queue size: 1)
Clock: 62 Log: Customer 17 left Server 2 (waited: 0, total in system: 5)
Clock: 62 Log: Customer 19 dequeued then assigned to Server 2 (service time: 3)
Clock: 64 Log: Customer 20 arrived but all servers busy, added to queue (queue size: 1)
Clock: 65 Log: Customer 18 left Server 1 (waited: 3, total in system: 7)
Clock: 65 Log: Customer 20 dequeued then assigned to Server 1 (service time: 4)
Clock: 65 Log: Customer 19 left Server 2 (waited: 0, total in system: 3)
Clock: 68 Log: Customer 21 arrived -> assigned to Server 2 (service time: 4)
Clock: 69 Log: Customer 22 arrived but all servers busy, added to queue (queue size: 1)
Clock: 69 Log: Customer 20 left Server 1 (waited: 1, total in system: 5)
Clock: 69 Log: Customer 22 dequeued then assigned to Server 1 (service time: 2)
Clock: 71 Log: Customer 22 left Server 1 (waited: 0, total in system: 2)
Clock: 72 Log: Customer 23 arrived -> assigned to Server 1 (service time: 6)
Clock: 72 Log: Customer 21 left Server 2 (waited: 0, total in system: 4)
Clock: 74 Log: Customer 24 arrived -> assigned to Server 2 (service time: 3)
Clock: 77 Log: Customer 24 left Server 2 (waited: 0, total in system: 3)
Clock: 78 Log: Customer 23 left Server 1 (waited: 0, total in system: 6)
Clock: 79 Log: Customer 25 arrived -> assigned to Server 1 (service time: 5)
Clock: 81 Log: Customer 26 arrived -> assigned to Server 2 (service time: 2)
Clock: 83 Log: Customer 26 left Server 2 (waited: 0, total in system: 2)
Clock: 84 Log: Customer 25 left Server 1 (waited: 0, total in system: 5)
Clock: 86 Log: Customer 27 arrived -> assigned to Server 1 (service time: 3)
Clock: 89 Log: Customer 27 left Server 1 (waited: 0, total in system: 3)
Clock: 91 Log: Customer 28 arrived -> assigned to Server 1 (service time: 4)
Clock: 93 Log: Customer 29 arrived -> assigned to Server 2 (service time: 2)
Clock: 95 Log: Customer 28 left Server 1 (waited: 0, total in system: 4)
Clock: 95 Log: Customer 29 left Server 2 (waited: 0, total in system: 2)
Clock: 98 Log: Customer 30 arrived -> assigned to Server 1 (service time: 3)
Clock: 101 Log: Customer 30 left Server 1 (waited: 0, total in system: 3)
Clock: 103 Log: Customer 31 arrived -> assigned to Server 1 (service time: 6)
Clock: 106 Log: Customer 32 arrived -> assigned to Server 2 (service time: 2)
Clock: 108 Log: Customer 32 left Server 2 (waited: 0, total in system: 2)
Clock: 109 Log: Customer 31 left Server 1 (waited: 0, total in system: 6)
Clock: 110 Log: Customer 33 arrived -> assigned to Server 1 (service time: 6)
Clock: 114 Log: Customer 34 arrived -> assigned to Server 2 (service time: 3)
Clock: 116 Log: Customer 35 arrived but all servers busy, added to queue (queue size: 1)
Clock: 116 Log: Customer 33 left Server 1 (waited: 0, total in system: 6)
Clock: 116 Log: Customer 35 dequeued then assigned to Server 1 (service time: 2)
Clock: 117 Log: Customer 34 left Server 2 (waited: 0, total in system: 3)
Clock: 118 Log: Customer 35 left Server 1 (waited: 0, total in system: 2)
Clock: 119 Log: Customer 36 arrived -> assigned to Server 1 (service time: 3)
Clock: 122 Log: Customer 36 left Server 1 (waited: 0, total in system: 3)
Clock: 124 Log: Customer 37 arrived -> assigned to Server 1 (service time: 5)
Clock: 129 Log: Customer 38 arrived -> assigned to Server 2 (service time: 3)
Clock: 129 Log: Customer 37 left Server 1 (waited: 0, total in system: 5)
Clock: 132 Log: Customer 38 left Server 2 (waited: 0, total in system: 3)
Clock: 134 Log: Customer 39 arrived -> assigned to Server 1 (service time: 6)
Clock: 138 Log: Customer 40 arrived -> assigned to Server 2 (service time: 6)
Clock: 139 Log: Customer 41 arrived but all servers busy, added to queue (queue size: 1)
Clock: 140 Log: Customer 39 left Server 1 (waited: 0, total in system: 6)
Clock: 140 Log: Customer 41 dequeued then assigned to Server 1 (service time: 3)
Clock: 141 Log: Customer 42 arrived but all servers busy, added to queue (queue size: 1)
Clock: 143 Log: Customer 41 left Server 1 (waited: 1, total in system: 4)
Clock: 143 Log: Customer 42 dequeued then assigned to Server 1 (service time: 3)
Clock: 144 Log: Customer 40 left Server 2 (waited: 0, total in system: 6)
Clock: 146 Log: Customer 43 arrived -> assigned to Server 2 (service time: 5)
Clock: 146 Log: Customer 42 left Server 1 (waited: 2, total in system: 5)
Clock: 149 Log: Customer 44 arrived -> assigned to Server 1 (service time: 6)
Clock: 151 Log: Customer 43 left Server 2 (waited: 0, total in system: 5)
Clock: 152 Log: Customer 45 arrived -> assigned to Server 2 (service time: 3)
Clock: 154 Log: Customer 46 arrived but all servers busy, added to queue (queue size: 1)
Clock: 155 Log: Customer 44 left Server 1 (waited: 0, total in system: 6)
Clock: 155 Log: Customer 46 dequeued then assigned to Server 1 (service time: 6)
Clock: 155 Log: Customer 45 left Server 2 (waited: 0, total in system: 3)
Clock: 156 Log: Customer 47 arrived -> assigned to Server 2 (service time: 5)
Clock: 161 Log: Customer 48 arrived but all servers busy, added to queue (queue size: 1)
Clock: 161 Log: Customer 46 left Server 1 (waited: 1, total in system: 7)
Clock: 161 Log: Customer 48 dequeued then assigned to Server 1 (service time: 6)
Clock: 161 Log: Customer 47 left Server 2 (waited: 0, total in system: 5)
Clock: 162 Log: Customer 49 arrived -> assigned to Server 2 (service time: 3)
Clock: 164 Log: Customer 50 arrived but all servers busy, added to queue (queue size: 1)
Clock: 165 Log: Customer 49 left Server 2 (waited: 0, total in system: 3)
Clock: 165 Log: Customer 50 dequeued then assigned to Server 2 (service time: 2)
Clock: 167 Log: Customer 51 arrived but all servers busy, added to queue (queue size: 1)
Clock: 167 Log: Customer 48 left Server 1 (waited: 0, total in system: 6)
Clock: 167 Log: Customer 51 dequeued then assigned to Server 1 (service time: 6)
Clock: 167 Log: Customer 50 left Server 2 (waited: 1, total in system: 3)
Clock: 170 Log: Customer 52 arrived -> assigned to Server 2 (service time: 2)
Clock: 172 Log: Customer 52 left Server 2 (waited: 0, total in system: 2)
Clock: 173 Log: Customer 51 left Server 1 (waited: 0, total in system: 6)
Clock: 174 Log: Customer 53 arrived -> assigned to Server 1 (service time: 2)
Clock: 176 Log: Customer 53 left Server 1 (waited: 0, total in system: 2)
Clock: 178 Log: Customer 54 arrived -> assigned to Server 1 (service time: 3)
Clock: 179 Log: Customer 55 arrived -> assigned to Server 2 (service time: 3)
Clock: 181 Log: Customer 54 left Server 1 (waited: 0, total in system: 3)
Clock: 181 Log: Customer 56 arrived -> assigned to Server 1 (service time: 4)
Clock: 182 Log: Customer 55 left Server 2 (waited: 0, total in system: 3)
Clock: 185 Log: Customer 56 left Server 1 (waited: 0, total in system: 4)
Clock: 185 Log: Customer 57 arrived -> assigned to Server 1 (service time: 4)
Clock: 189 Log: Customer 57 left Server 1 (waited: 0, total in system: 4)
Clock: 190 Log: Customer 58 arrived -> assigned to Server 1 (service time: 3)
Clock: 193 Log: Customer 58 left Server 1 (waited: 0, total in system: 3)
Clock: 194 Log: Customer 59 arrived -> assigned to Server 1 (service time: 6)
Clock: 196 Log: Customer 60 arrived -> assigned to Server 2 (service time: 2)
Clock: 198 Log: Customer 60 left Server 2 (waited: 0, total in system: 2)
Clock: 200 Log: Customer 61 arrived -> assigned to Server 2 (service time: 4)
Clock: 200 Log: Customer 59 left Server 1 (waited: 0, total in system: 6)
Clock: 204 Log: Customer 62 arrived -> assigned to Server 1 (service time: 6)
Clock: 204 Log: Customer 61 left Server 2 (waited: 0, total in system: 4)
Clock: 207 Log: Customer 63 arrived -> assigned to Server 2 (service time: 3)
Clock: 210 Log: Customer 64 arrived but all servers busy, added to queue (queue size: 1)
Clock: 210 Log: Customer 62 left Server 1 (waited: 0, total in system: 6)
Clock: 210 Log: Customer 64 dequeued then assigned to Server 1 (service time: 4)
Clock: 210 Log: Customer 63 left Server 2 (waited: 0, total in system: 3)
Clock: 214 Log: Customer 64 left Server 1 (waited: 0, total in system: 4)
Clock: 215 Log: Customer 65 arrived -> assigned to Server 1 (service time: 2)
Clock: 217 Log: Customer 65 left Server 1 (waited: 0, total in system: 2)
Clock: 220 Log: Customer 66 arrived -> assigned to Server 1 (service time: 4)
Clock: 224 Log: Customer 66 left Server 1 (waited: 0, total in system: 4)
Clock: 225 Log: Customer 67 arrived -> assigned to Server 1 (service time: 6)
Clock: 230 Log: Customer 68 arrived -> assigned to Server 2 (service time: 4)
Clock: 231 Log: Customer 67 left Server 1 (waited: 0, total in system: 6)
Clock: 234 Log: Customer 69 arrived -> assigned to Server 1 (service time: 2)
Clock: 234 Log: Customer 68 left Server 2 (waited: 0, total in system: 4)
Clock: 236 Log: Customer 69 left Server 1 (waited: 0, total in system: 2)
Clock: 237 Log: Customer 70 arrived -> assigned to Server 1 (service time: 2)
Clock: 239 Log: Customer 71 arrived -> assigned to Server 2 (service time: 5)
Clock: 239 Log: Customer 70 left Server 1 (waited: 0, total in system: 2)
Clock: 244 Log: Customer 72 arrived -> assigned to Server 1 (service time: 3)
Clock: 244 Log: Customer 71 left Server 2 (waited: 0, total in system: 5)
Clock: 247 Log: Customer 72 left Server 1 (waited: 0, total in system: 3)
Clock: 249 Log: Customer 73 arrived -> assigned to Server 1 (service time: 2)
Clock: 251 Log: Customer 73 left Server 1 (waited: 0, total in system: 2)
Clock: 253 Log: Customer 74 arrived -> assigned to Server 1 (service time: 2)
Clock: 255 Log: Customer 74 left Server 1 (waited: 0, total in system: 2)
Clock: 257 Log: Customer 75 arrived -> assigned to Server 1 (service time: 6)
Clock: 260 Log: Customer 76 arrived -> assigned to Server 2 (service time: 2)
Clock: 262 Log: Customer 76 left Server 2 (waited: 0, total in system: 2)
Clock: 263 Log: Customer 75 left Server 1 (waited: 0, total in system: 6)
Clock: 264 Log: Customer 77 arrived -> assigned to Server 1 (service time: 6)
Clock: 269 Log: Customer 78 arrived -> assigned to Server 2 (service time: 5)
Clock: 270 Log: Customer 77 left Server 1 (waited: 0, total in system: 6)
Clock: 274 Log: Customer 79 arrived -> assigned to Server 1 (service time: 3)
Clock: 274 Log: Customer 78 left Server 2 (waited: 0, total in system: 5)
Clock: 277 Log: Customer 79 left Server 1 (waited: 0, total in system: 3)
Clock: 279 Log: Customer 80 arrived -> assigned to Server 1 (service time: 2)
Clock: 281 Log: Customer 80 left Server 1 (waited: 0, total in system: 2)
Clock: 284 Log: Customer 81 arrived -> assigned to Server 1 (service time: 3)
Clock: 287 Log: Customer 81 left Server 1 (waited: 0, total in system: 3)
Clock: 289 Log: Customer 82 arrived -> assigned to Server 1 (service time: 2)
Clock: 291 Log: Customer 82 left Server 1 (waited: 0, total in system: 2)
Clock: 294 Log: Customer 83 arrived -> assigned to Server 1 (service time: 6)
Clock: 297 Log: Customer 84 arrived -> assigned to Server 2 (service time: 3)
Clock: 298 Log: Customer 85 arrived but all servers busy, added to queue (queue size: 1)
Clock: 300 Log: Customer 83 left Server 1 (waited: 0, total in system: 6)
Clock: 300 Log: Customer 85 dequeued then assigned to Server 1 (service time: 5)
Clock: 300 Log: Customer 84 left Server 2 (waited: 0, total in system: 3)
Clock: 301 Log: Customer 86 arrived -> assigned to Server 2 (service time: 3)
Clock: 304 Log: Customer 86 left Server 2 (waited: 0, total in system: 3)
Clock: 305 Log: Customer 85 left Server 1 (waited: 2, total in system: 7)
Clock: 306 Log: Customer 87 arrived -> assigned to Server 1 (service time: 4)
Clock: 310 Log: Customer 87 left Server 1 (waited: 0, total in system: 4)
Clock: 311 Log: Customer 88 arrived -> assigned to Server 1 (service time: 3)
Clock: 313 Log: Customer 89 arrived -> assigned to Server 2 (service time: 2)
Clock: 314 Log: Customer 88 left Server 1 (waited: 0, total in system: 3)
Clock: 315 Log: Customer 89 left Server 2 (waited: 0, total in system: 2)
Clock: 318 Log: Customer 90 arrived -> assigned to Server 1 (service time: 3)
Clock: 320 Log: Customer 91 arrived -> assigned to Server 2 (service time: 6)
Clock: 321 Log: Customer 90 left Server 1 (waited: 0, total in system: 3)
Clock: 324 Log: Customer 92 arrived -> assigned to Server 1 (service time: 2)
Clock: 326 Log: Customer 91 left Server 2 (waited: 0, total in system: 6)
Clock: 326 Log: Customer 92 left Server 1 (waited: 0, total in system: 2)
Clock: 326 Log: Customer 93 arrived -> assigned to Server 1 (service time: 6)
Clock: 327 Log: Customer 94 arrived -> assigned to Server 2 (service time: 2)
Clock: 329 Log: Customer 94 left Server 2 (waited: 0, total in system: 2)
Clock: 331 Log: Customer 95 arrived -> assigned to Server 2 (service time: 4)
Clock: 332 Log: Customer 93 left Server 1 (waited: 0, total in system: 6)
Clock: 333 Log: Customer 96 arrived -> assigned to Server 1 (service time: 4)
Clock: 335 Log: Customer 95 left Server 2 (waited: 0, total in system: 4)
Clock: 336 Log: Customer 97 arrived -> assigned to Server 2 (service time: 5)
Clock: 337 Log: Customer 96 left Server 1 (waited: 0, total in system: 4)
Clock: 339 Log: Customer 98 arrived -> assigned to Server 1 (service time: 3)
Clock: 341 Log: Customer 97 left Server 2 (waited: 0, total in system: 5)
Clock: 342 Log: Customer 98 left Server 1 (waited: 0, total in system: 3)
Clock: 344 Log: Customer 99 arrived -> assigned to Server 1 (service time: 2)
Clock: 346 Log: Customer 100 arrived -> assigned to Server 2 (service time: 2)
Clock: 346 Log: Customer 99 left Server 1 (waited: 0, total in system: 2)
Clock: 348 Log: Customer 100 left Server 2 (waited: 0, total in system: 2)
Clock: 5 Log: Customer 1 arrived -> assigned to Server 1 (service time: 6)
Clock: 9 Log: Customer 2 arrived -> assigned to Server 2 (service time: 5)
Clock: 11 Log: Customer 1 left Server 1 (waited: 0, total in system: 6)
Clock: 12 Log: Customer 3 arrived -> assigned to Server 1 (service time: 3)
Clock: 14 Log: Customer 2 left Server 2 (waited: 0, total in system: 5)
Clock: 15 Log: Customer 3 left Server 1 (waited: 0, total in system: 3)
Clock: 17 Log: Customer 4 arrived -> assigned to Server 1 (service time: 4)
Clock: 21 Log: Customer 4 left Server 1 (waited: 0, total in system: 4)
Clock: 22 Log: Customer 5 arrived -> assigned to Server 1 (service time: 4)
Clock: 26 Log: Customer 5 left Server 1 (waited: 0, total in system: 4)
Clock: 27 Log: Customer 6 arrived -> assigned to Server 1 (service time: 6)
Clock: 28 Log: Customer 7 arrived -> assigned to Server 2 (service time: 2)
Clock: 30 Log: Customer 7 left Server 2 (waited: 0, total in system: 2)
Clock: 31 Log: Customer 8 arrived -> assigned to Server 2 (service time: 3)
Clock: 33 Log: Customer 6 left Server 1 (waited: 0, total in system: 6)
Clock: 34 Log: Customer 8 left Server 2 (waited: 0, total in system: 3)
Clock: 36 Log: Customer 9 arrived -> assigned to Server 1 (service time: 6)
Clock: 37 Log: Customer 10 arrived -> assigned to Server 2 (service time: 2)
Clock: 39 Log: Customer 10 left Server 2 (waited: 0, total in system: 2)
Clock: 42 Log: Customer 11 arrived -> assigned to Server 2 (service time: 3)
Clock: 42 Log: Customer 9 left Server 1 (waited: 0, total in system: 6)
Clock: 45 Log: Customer 11 left Server 2 (waited: 0, total in system: 3)
Clock: 45 Log: Customer 12 arrived -> assigned to Server 1 (service time: 6)
Clock: 49 Log: Customer 13 arrived -> assigned to Server 2 (service time: 3)
Clock: 51 Log: Customer 12 left Server 1 (waited: 0, total in system: 6)
Clock: 52 Log: Customer 13 left Server 2 (waited: 0, total in system: 3)
Clock: 53 Log: Customer 14 arrived -> assigned to Server 1 (service time: 6)
Clock: 55 Log: Customer 15 arrived -> assigned to Server 2 (service time: 6)
Clock: 59 Log: Customer 14 left Server 1 (waited: 0, total in system: 6)
Clock: 60 Log: Customer 16 arrived -> assigned to Server 1 (service time: 2)
Clock: 61 Log: Customer 17 arrived but all servers busy, added to queue (queue size: 1)
Clock: 61 Log: Customer 15 left Server 2 (waited: 0, total in system: 6)
Clock: 61 Log: Customer 17 dequeued then assigned to Server 2 (service time: 5)
Clock: 62 Log: Customer 16 left Server 1 (waited: 0, total in system: 2)
Clock: 66 Log: Customer 18 arrived -> assigned to Server 1 (service time: 6)
Clock: 66 Log: Customer 17 left Server 2 (waited: 0, total in system: 5)
Clock: 71 Log: Customer 19 arrived -> assigned to Server 2 (service time: 6)
Clock: 72 Log: Customer 18 left Server 1 (waited: 0, total in system: 6)
Clock: 74 Log: Customer 20 arrived -> assigned to Server 1 (service time: 6)
Clock: 76 Log: Customer 21 arrived but all servers busy, added to queue (queue size: 1)
Clock: 77 Log: Customer 19 left Server 2 (waited: 0, total in system: 6)
Clock: 77 Log: Customer 21 dequeued then assigned to Server 2 (service time: 6)
Clock: 77 Log: Customer 22 arrived but all servers busy, added to queue (queue size: 1)
Clock: 80 Log: Customer 20 left Server 1 (waited: 0, total in system: 6)
Clock: 80 Log: Customer 22 dequeued then assigned to Server 1 (service time: 3)
Clock: 82 Log: Customer 23 arrived but all servers busy, added to queue (queue size: 1)
Clock: 83 Log: Customer 21 left Server 2 (waited: 1, total in system: 7)
Clock: 83 Log: Customer 23 dequeued then assigned to Server 2 (service time: 2)
Clock: 83 Log: Customer 22 left Server 1 (waited: 3, total in system: 6)
Clock: 85 Log: Customer 23 left Server 2 (waited: 1, total in system: 3)
Clock: 85 Log: Customer 24 arrived -> assigned to Server 1 (service time: 3)
Clock: 87 Log: Customer 25 arrived -> assigned to Server 2 (service time: 2)
Clock: 88 Log: Customer 24 left Server 1 (waited: 0, total in system: 3)
Clock: 89 Log: Customer 25 left Server 2 (waited: 0, total in system: 2)
Clock: 89 Log: Customer 26 arrived -> assigned to Server 1 (service time: 4)
Clock: 93 Log: Customer 26 left Server 1 (waited: 0, total in system: 4)
Clock: 94 Log: Customer 27 arrived -> assigned to Server 1 (service time: 6)
Clock: 99 Log: Customer 28 arrived -> assigned to Server 2 (service time: 3)
Clock: 100 Log: Customer 27 left Server 1 (waited: 0, total in system: 6)
Clock: 102 Log: Customer 28 left Server 2 (waited: 0, total in system: 3)
Clock: 104 Log: Customer 29 arrived -> assigned to Server 1 (service time: 2)
Clock: 106 Log: Customer 30 arrived -> assigned to Server 2 (service time: 2)
Clock: 106 Log: Customer 29 left Server 1 (waited: 0, total in system: 2)
Clock: 107 Log: Customer 31 arrived -> assigned to Server 1 (service time: 4)
Clock: 108 Log: Customer 30 left Server 2 (waited: 0, total in system: 2)
Clock: 111 Log: Customer 32 arrived -> assigned to Server 2 (service time: 4)
Clock: 111 Log: Customer 31 left Server 1 (waited: 0, total in system: 4)
Clock: 115 Log: Customer 33 arrived -> assigned to Server 1 (service time: 6)
Clock: 115 Log: Customer 32 left Server 2 (waited: 0, total in system: 4)
Clock: 119 Log: Customer 34 arrived -> assigned to Server 2 (service time: 3)
Clock: 121 Log: Customer 35 arrived but all servers busy, added to queue (queue size: 1)
Clock: 121 Log: Customer 33 left Server 1 (waited: 0, total in system: 6)
Clock: 121 Log: Customer 35 dequeued then assigned to Server 1 (service time: 5)
Clock: 122 Log: Customer 34 left Server 2 (waited: 0, total in system: 3)
Clock: 123 Log: Customer 36 arrived -> assigned to Server 2 (service time: 2)
Clock: 125 Log: Customer 36 left Server 2 (waited: 0, total in system: 2)
Clock: 126 Log: Customer 37 arrived -> assigned to Server 2 (service time: 3)
Clock: 126 Log: Customer 35 left Server 1 (waited: 0, total in system: 5)
Clock: 129 Log: Customer 37 left Server 2 (waited: 0, total in system: 3)
Clock: 130 Log: Customer 38 arrived -> assigned to Server 1 (service time: 6)
Clock: 131 Log: Customer 39 arrived -> assigned to Server 2 (service time: 5)
Clock: 132 Log: Customer 40 arrived but all servers busy, added to queue (queue size: 1)
Clock: 136 Log: Customer 41 arrived but all servers busy, added to queue (queue size: 2)
Clock: 136 Log: Customer 38 left Server 1 (waited: 0, total in system: 6)
Clock: 136 Log: Customer 40 dequeued then assigned to Server 1 (service time: 2)
Clock: 136 Log: Customer 39 left Server 2 (waited: 0, total in system: 5)
Clock: 136 Log: Customer 41 dequeued then assigned to Server 2 (service time: 4)
Clock: 138 Log: Customer 42 arrived but all servers busy, added to queue (queue size: 1)
Clock: 138 Log: Customer 40 left Server 1 (waited: 4, total in system: 6)
Clock: 138 Log: Customer 42 dequeued then assigned to Server 1 (service time: 3)
Clock: 140 Log: Customer 41 left Server 2 (waited: 0, total in system: 4)
Clock: 141 Log: Customer 42 left Server 1 (waited: 0, total in system: 3)
Clock: 143 Log: Customer 43 arrived -> assigned to Server 1 (service time: 6)
Clock: 147 Log: Customer 44 arrived -> assigned to Server 2 (service time: 3)
Clock: 149 Log: Customer 43 left Server 1 (waited: 0, total in system: 6)
Clock: 150 Log: Customer 45 arrived -> assigned to Server 1 (service time: 5)
Clock: 150 Log: Customer 44 left Server 2 (waited: 0, total in system: 3)
Clock: 152 Log: Customer 46 arrived -> assigned to Server 2 (service time: 3)
Clock: 155 Log: Customer 47 arrived but all servers busy, added to queue (queue size: 1)
Clock: 155 Log: Customer 45 left Server 1 (waited: 0, total in system: 5)
Clock: 155 Log: Customer 47 dequeued then assigned to Server 1 (service time: 3)
Clock: 155 Log: Customer 46 left Server 2 (waited: 0, total in system: 3)
Clock: 158 Log: Customer 47 left Server 1 (waited: 0, total in system: 3)
Clock: 160 Log: Customer 48 arrived -> assigned to Server 1 (service time: 3)
Clock: 163 Log: Customer 48 left Server 1 (waited: 0, total in system: 3)
Clock: 165 Log: Customer 49 arrived -> assigned to Server 1 (service time: 3)
Clock: 167 Log: Customer 50 arrived -> assigned to Server 2 (service time: 2)
Clock: 168 Log: Customer 49 left Server 1 (waited: 0, total in system: 3)
Clock: 169 Log: Customer 50 left Server 2 (waited: 0, total in system: 2)
Clock: 170 Log: Customer 51 arrived -> assigned to Server 1 (service time: 6)
Clock: 174 Log: Customer 52 arrived -> assigned to Server 2 (service time: 2)
Clock: 176 Log: Customer 53 arrived but all servers busy, added to queue (queue size: 1)
Clock: 176 Log: Customer 51 left Server 1 (waited: 0, total in system: 6)
Clock: 176 Log: Customer 53 dequeued then assigned to Server 1 (service time: 5)
Clock: 176 Log: Customer 52 left Server 2 (waited: 0, total in system: 2)
Clock: 179 Log: Customer 54 arrived -> assigned to Server 2 (service time: 2)
Clock: 181 Log: Customer 53 left Server 1 (waited: 0, total in system: 5)
Clock: 181 Log: Customer 54 left Server 2 (waited: 0, total in system: 2)
Clock: 184 Log: Customer 55 arrived -> assigned to Server 1 (service time: 5)
Clock: 189 Log: Customer 56 arrived -> assigned to Server 2 (service time: 3)
Clock: 189 Log: Customer 55 left Server 1 (waited: 0, total in system: 5)
Clock: 192 Log: Customer 56 left Server 2 (waited: 0, total in system: 3)
Clock: 194 Log: Customer 57 arrived -> assigned to Server 1 (service time: 6)
Clock: 199 Log: Customer 58 arrived -> assigned to Server 2 (service time: 3)
Clock: 200 Log: Customer 57 left Server 1 (waited: 0, total in system: 6)
Clock: 202 Log: Customer 58 left Server 2 (waited: 0, total in system: 3)
Clock: 204 Log: Customer 59 arrived -> assigned to Server 1 (service time: 4)
Clock: 207 Log: Customer 60 arrived -> assigned to Server 2 (service time: 2)
Clock: 208 Log: Customer 59 left Server 1 (waited: 0, total in system: 4)
Clock: 209 Log: Customer 60 left Server 2 (waited: 0, total in system: 2)
Clock: 212 Log: Customer 61 arrived -> assigned to Server 1 (service time: 6)
Clock: 214 Log: Customer 62 arrived -> assigned to Server 2 (service time: 2)
Clock: 216 Log: Customer 62 left Server 2 (waited: 0, total in system: 2)
Clock: 218 Log: Customer 61 left Server 1 (waited: 0, total in system: 6)
Clock: 219 Log: Customer 63 arrived -> assigned to Server 1 (service time: 3)
Clock: 221 Log: Customer 64 arrived -> assigned to Server 2 (service time: 3)
Clock: 222 Log: Customer 63 left Server 1 (waited: 0, total in system: 3)
Clock: 223 Log: Customer 65 arrived -> assigned to Server 1 (service time: 3)
Clock: 224 Log: Customer 64 left Server 2 (waited: 0, total in system: 3)
Clock: 226 Log: Customer 65 left Server 1 (waited: 0, total in system: 3)
Clock: 227 Log: Customer 66 arrived -> assigned to Server 1 (service time: 4)
Clock: 231 Log: Customer 66 left Server 1 (waited: 0, total in system: 4)
Clock: 232 Log: Customer 67 arrived -> assigned to Server 1 (service time: 3)
Clock: 235 Log: Customer 67 left Server 1 (waited: 0, total in system: 3)
Clock: 237 Log: Customer 68 arrived -> assigned to Server 1 (service time: 5)
Clock: 241 Log: Customer 69 arrived -> assigned to Server 2 (service time: 2)
Clock: 242 Log: Customer 68 left Server 1 (waited: 0, total in system: 5)
Clock: 243 Log: Customer 69 left Server 2 (waited: 0, total in system: 2)
Clock: 246 Log: Customer 70 arrived -> assigned to Server 1 (service time: 3)
Clock: 249 Log: Customer 70 left Server 1 (waited: 0, total in system: 3)
Clock: 250 Log: Customer 71 arrived -> assigned to Server 1 (service time: 4)
Clock: 254 Log: Customer 72 arrived -> assigned to Server 2 (service time: 3)
Clock: 254 Log: Customer 71 left Server 1 (waited: 0, total in system: 4)
Clock: 257 Log: Customer 72 left Server 2 (waited: 0, total in system: 3)
Clock: 259 Log: Customer 73 arrived -> assigned to Server 1 (service time: 3)
Clock: 261 Log: Customer 74 arrived -> assigned to Server 2 (service time: 6)
Clock: 262 Log: Customer 73 left Server 1 (waited: 0, total in system: 3)
Clock: 266 Log: Customer 75 arrived -> assigned to Server 1 (service time: 3)
Clock: 267 Log: Customer 74 left Server 2 (waited: 0, total in system: 6)
Clock: 269 Log: Customer 75 left Server 1 (waited: 0, total in system: 3)
Clock: 270 Log: Customer 76 arrived -> assigned to Server 1 (service time: 6)
Clock: 275 Log: Customer 77 arrived -> assigned to Server 2 (service time: 2)
Clock: 276 Log: Customer 76 left Server 1 (waited: 0, total in system: 6)
Clock: 277 Log: Customer 77 left Server 2 (waited: 0, total in system: 2)
Clock: 279 Log: Customer 78 arrived -> assigned to Server 1 (service time: 3)
Clock: 280 Log: Customer 79 arrived -> assigned to Server 2 (service time: 3)
Clock: 282 Log: Customer 78 left Server 1 (waited: 0, total in system: 3)
Clock: 283 Log: Customer 80 arrived -> assigned to Server 1 (service time: 4)
Clock: 283 Log: Customer 79 left Server 2 (waited: 0, total in system: 3)
Clock: 285 Log: Customer 81 arrived -> assigned to Server 2 (service time: 2)
Clock: 287 Log: Customer 80 left Server 1 (waited: 0, total in system: 4)
Clock: 287 Log: Customer 81 left Server 2 (waited: 0, total in system: 2)
Clock: 289 Log: Customer 82 arrived -> assigned to Server 1 (service time: 4)
Clock: 290 Log: Customer 83 arrived -> assigned to Server 2 (service time: 4)
Clock: 291 Log: Customer 84 arrived but all servers busy, added to queue (queue size: 1)
Clock: 293 Log: Customer 82 left Server 1 (waited: 0, total in system: 4)
Clock: 293 Log: Customer 84 dequeued then assigned to Server 1 (service time: 3)
Clock: 293 Log: Customer 85 arrived but all servers busy, added to queue (queue size: 1)
Clock: 294 Log: Customer 83 left Server 2 (waited: 0, total in system: 4)
Clock: 294 Log: Customer 85 dequeued then assigned to Server 2 (service time: 4)
Clock: 296 Log: Customer 84 left Server 1 (waited: 2, total in system: 5)
Clock: 297 Log: Customer 86 arrived -> assigned to Server 1 (service time: 3)
Clock: 298 Log: Customer 85 left Server 2 (waited: 1, total in system: 5)
Clock: 300 Log: Customer 86 left Server 1 (waited: 0, total in system: 3)
Clock: 300 Log: Customer 87 arrived -> assigned to Server 1 (service time: 2)
Clock: 302 Log: Customer 88 arrived -> assigned to Server 2 (service time: 3)
Clock: 302 Log: Customer 87 left Server 1 (waited: 0, total in system: 2)
Clock: 303 Log: Customer 89 arrived -> assigned to Server 1 (service time: 3)
Clock: 305 Log: Customer 88 left Server 2 (waited: 0, total in system: 3)
Clock: 306 Log: Customer 89 left Server 1 (waited: 0, total in system: 3)
Clock: 307 Log: Customer 90 arrived -> assigned to Server 1 (service time: 4)
Clock: 309 Log: Customer 91 arrived -> assigned to Server 2 (service time: 5)
Clock: 311 Log: Customer 92 arrived but all servers busy, added to queue (queue size: 1)
Clock: 311 Log: Customer 90 left Server 1 (waited: 0, total in system: 4)
Clock: 311 Log: Customer 92 dequeued then assigned to Server 1 (service time: 4)
Clock: 314 Log: Customer 91 left Server 2 (waited: 0, total in system: 5)
Clock: 315 Log: Customer 92 left Server 1 (waited: 0, total in system: 4)
Clock: 316 Log: Customer 93 arrived -> assigned to Server 1 (service time: 3)
Clock: 319 Log: Customer 93 left Server 1 (waited: 0, total in system: 3)
Clock: 321 Log: Customer 94 arrived -> assigned to Server 1 (service time: 6)
Clock: 324 Log: Customer 95 arrived -> assigned to Server 2 (service time: 2)
Clock: 326 Log: Customer 95 left Server 2 (waited: 0, total in system: 2)
Clock: 327 Log: Customer 94 left Server 1 (waited: 0, total in system: 6)
Clock: 327 Log: Customer 96 arrived -> assigned to Server 1 (service time: 3)
Clock: 330 Log: Customer 96 left Server 1 (waited: 0, total in system: 3)
Clock: 331 Log: Customer 97 arrived -> assigned to Server 1 (service time: 6)
Clock: 336 Log: Customer 98 arrived -> assigned to Server 2 (service time: 2)
Clock: 337 Log: Customer 97 left Server 1 (waited: 0, total in system: 6)
Clock: 338 Log: Customer 98 left Server 2 (waited: 0, total in system: 2)
Clock: 341 Log: Customer 99 arrived -> assigned to Server 1 (service time: 2)
Clock: 343 Log: Customer 99 left Server 1 (waited: 0, total in system: 2)
Clock: 346 Log: Customer 100 arrived -> assigned to Server 1 (service time: 4)
Clock: 350 Log: Customer 100 left Server 1 (waited: 0, total in system: 4)
Clock: 3 Log: Customer 1 arrived -> assigned to Server 1 (service time: 3)
Clock: 6 Log: Customer 2 arrived -> assigned to Server 2 (service time: 6)
Clock: 6 Log: Customer 1 left Server 1 (waited: 0, total in system: 3)
Clock: 7 Log: Customer 3 arrived -> assigned to Server 1 (service time: 2)
Clock: 9 Log: Customer 3 left Server 1 (waited: 0, total in system: 2)
Clock: 12 Log: Customer 4 arrived -> assigned to Server 1 (service time: 6)
Clock: 12 Log: Customer 2 left Server 2 (waited: 0, total in system: 6)
Clock: 15 Log: Customer 5 arrived -> assigned to Server 2 (service time: 2)
Clock: 17 Log: Customer 5 left Server 2 (waited: 0, total in system: 2)
Clock: 18 Log: Customer 4 left Server 1 (waited: 0, total in system: 6)
Clock: 20 Log: Customer 6 arrived -> assigned to Server 1 (service time: 5)
Clock: 25 Log: Customer 7 arrived -> assigned to Server 2 (service time: 5)
Clock: 25 Log: Customer 6 left Server 1 (waited: 0, total in system: 5)
Clock: 28 Log: Customer 8 arrived -> assigned to Server 1 (service time: 3)
Clock: 30 Log: Customer 9 arrived but all servers busy, added to queue (queue size: 1)
Clock: 30 Log: Customer 7 left Server 2 (waited: 0, total in system: 5)
Clock: 30 Log: Customer 9 dequeued then assigned to Server 2 (service time: 2)
Clock: 31 Log: Customer 8 left Server 1 (waited: 0, total in system: 3)
Clock: 32 Log: Customer 9 left Server 2 (waited: 0, total in system: 2)
Clock: 34 Log: Customer 10 arrived -> assigned to Server 1 (service time: 3)
Clock: 36 Log: Customer 11 arrived -> assigned to Server 2 (service time: 5)
Clock: 37 Log: Customer 10 left Server 1 (waited: 0, total in system: 3)
Clock: 41 Log: Customer 11 left Server 2 (waited: 0, total in system: 5)
Clock: 41 Log: Customer 12 arrived -> assigned to Server 1 (service time: 6)
Clock: 45 Log: Customer 13 arrived -> assigned to Server 2 (service time: 4)
Clock: 47 Log: Customer 12 left Server 1 (waited: 0, total in system: 6)
Clock: 49 Log: Customer 13 left Server 2 (waited: 0, total in system: 4)
Clock: 50 Log: Customer 14 arrived -> assigned to Server 1 (service time: 2)
Clock: 52 Log: Customer 14 left Server 1 (waited: 0, total in system: 2)
Clock: 55 Log: Customer 15 arrived -> assigned to Server 1 (service time: 6)
Clock: 58 Log: Customer 16 arrived -> assigned to Server 2 (service time: 2)
Clock: 60 Log: Customer 16 left Server 2 (waited: 0, total in system: 2)
Clock: 61 Log: Customer 15 left Server 1 (waited: 0, total in system: 6)
Clock: 62 Log: Customer 17 arrived -> assigned to Server 1 (service time: 2)
Clock: 64 Log: Customer 17 left Server 1 (waited: 0, total in system: 2)
Clock: 66 Log: Customer 18 arrived -> assigned to Server 1 (service time: 2)
Clock: 68 Log: Customer 19 arrived -> assigned to Server 2 (service time: 5)
Clock: 68 Log: Customer 18 left Server 1 (waited: 0, total in system: 2)
Clock: 70 Log: Customer 20 arrived -> assigned to Server 1 (service time: 5)
Clock: 71 Log: Customer 21 arrived but all servers busy, added to queue (queue size: 1)
Clock: 73 Log: Customer 19 left Server 2 (waited: 0, total in system: 5)
Clock: 73 Log: Customer 21 dequeued then assigned to Server 2 (service time: 3)
Clock: 74 Log: Customer 22 arrived but all servers busy, added to queue (queue size: 1)
Clock: 75 Log: Customer 20 left Server 1 (waited: 0, total in system: 5)
Clock: 75 Log: Customer 22 dequeued then assigned to Server 1 (service time: 6)
Clock: 76 Log: Customer 21 left Server 2 (waited: 2, total in system: 5)
Clock: 79 Log: Customer 23 arrived -> assigned to Server 2 (service time: 3)
Clock: 81 Log: Customer 22 left Server 1 (waited: 1, total in system: 7)
Clock: 82 Log: Customer 23 left Server 2 (waited: 0, total in system: 3)
Clock: 84 Log: Customer 24 arrived -> assigned to Server 1 (service time: 5)
Clock: 87 Log: Customer 25 arrived -> assigned to Server 2 (service time: 3)
Clock: 89 Log: Customer 24 left Server 1 (waited: 0, total in system: 5)
Clock: 90 Log: Customer 25 left Server 2 (waited: 0, total in system: 3)
Clock: 91 Log: Customer 26 arrived -> assigned to Server 1 (service time: 3)
Clock: 94 Log: Customer 26 left Server 1 (waited: 0, total in system: 3)
Clock: 96 Log: Customer 27 arrived -> assigned to Server 1 (service time: 4)
Clock: 100 Log: Customer 28 arrived -> assigned to Server 2 (service time: 2)
Clock: 100 Log: Customer 27 left Server 1 (waited: 0, total in system: 4)
Clock: 102 Log: Customer 28 left Server 2 (waited: 0, total in system: 2)
Clock: 103 Log: Customer 29 arrived -> assigned to Server 1 (service time: 3)
Clock: 106 Log: Customer 30 arrived -> assigned to Server 2 (service time: 2)
Clock: 106 Log: Customer 29 left Server 1 (waited: 0, total in system: 3)
Clock: 108 Log: Customer 30 left Server 2 (waited: 0, total in system: 2)
Clock: 109 Log: Customer 31 arrived -> assigned to Server 1 (service time: 4)
Clock: 113 Log: Customer 32 arrived -> assigned to Server 2 (service time: 4)
Clock: 113 Log: Customer 31 left Server 1 (waited: 0, total in system: 4)
Clock: 117 Log: Customer 32 left Server 2 (waited: 0, total in system: 4)
Clock: 118 Log: Customer 33 arrived -> assigned to Server 1 (service time: 2)
Clock: 120 Log: Customer 33 left Server 1 (waited: 0, total in system: 2)
Clock: 122 Log: Customer 34 arrived -> assigned to Server 1 (service time: 2)
Clock: 124 Log: Customer 34 left Server 1 (waited: 0, total in system: 2)
Clock: 126 Log: Customer 35 arrived -> assigned to Server 1 (service time: 3)
Clock: 129 Log: Customer 35 left Server 1 (waited: 0, total in system: 3)
Clock: 130 Log: Customer 36 arrived -> assigned to Server 1 (service time: 4)
Clock: 134 Log: Customer 36 left Server 1 (waited: 0, total in system: 4)
Clock: 135 Log: Customer 37 arrived -> assigned to Server 1 (service time: 3)
Clock: 138 Log: Customer 37 left Server 1 (waited: 0, total in system: 3)
Clock: 140 Log: Customer 38 arrived -> assigned to Server 1 (service time: 6)
Clock: 141 Log: Customer 39 arrived -> assigned to Server 2 (service time: 5)
Clock: 146 Log: Customer 40 arrived but all servers busy, added to queue (queue size: 1)
Clock: 146 Log: Customer 38 left Server 1 (waited: 0, total in system: 6)
Clock: 146 Log: Customer 40 dequeued then assigned to Server 1 (service time: 6)
Clock: 146 Log: Customer 39 left Server 2 (waited: 0, total in system: 5)
Clock: 149 Log: Customer 41 arrived -> assigned to Server 2 (service time: 3)
Clock: 152 Log: Customer 40 left Server 1 (waited: 0, total in system: 6)
Clock: 152 Log: Customer 41 left Server 2 (waited: 0, total in system: 3)
Clock: 153 Log: Customer 42 arrived -> assigned to Server 1 (service time: 6)
Clock: 155 Log: Customer 43 arrived -> assigned to Server 2 (service time: 4)
Clock: 159 Log: Customer 44 arrived but all servers busy, added to queue (queue size: 1)
Clock: 159 Log: Customer 42 left Server 1 (waited: 0, total in system: 6)
Clock: 159 Log: Customer 44 dequeued then assigned to Server 1 (service time: 4)
Clock: 159 Log: Customer 43 left Server 2 (waited: 0, total in system: 4)
Clock: 163 Log: Customer 44 left Server 1 (waited: 0, total in system: 4)
Clock: 164 Log: Customer 45 arrived -> assigned to Server 1 (service time: 2)
Clock: 166 Log: Customer 45 left Server 1 (waited: 0, total in system: 2)
Clock: 169 Log: Customer 46 arrived -> assigned to Server 1 (service time: 5)
Clock: 170 Log: Customer 47 arrived -> assigned to Server 2 (service time: 5)
Clock: 174 Log: Customer 48 arrived but all servers busy, added to queue (queue size: 1)
Clock: 174 Log: Customer 46 left Server 1 (waited: 0, total in system: 5)
Clock: 174 Log: Customer 48 dequeued then assigned to Server 1 (service time: 3)
Clock: 175 Log: Customer 47 left Server 2 (waited: 0, total in system: 5)
Clock: 177 Log: Customer 48 left Server 1 (waited: 0, total in system: 3)
Clock: 178 Log: Customer 49 arrived -> assigned to Server 1 (service time: 4)
Clock: 180 Log: Customer 50 arrived -> assigned to Server 2 (service time: 3)
Clock: 182 Log: Customer 51 arrived but all servers busy, added to queue (queue size: 1)
Clock: 182 Log: Customer 49 left Server 1 (waited: 0, total in system: 4)
Clock: 182 Log: Customer 51 dequeued then assigned to Server 1 (service time: 6)
Clock: 183 Log: Customer 50 left Server 2 (waited: 0, total in system: 3)
Clock: 184 Log: Customer 52 arrived -> assigned to Server 2 (service time: 2)
Clock: 186 Log: Customer 52 left Server 2 (waited: 0, total in system: 2)
Clock: 188 Log: Customer 51 left Server 1 (waited: 0, total in system: 6)
Clock: 189 Log: Customer 53 arrived -> assigned to Server 1 (service time: 4)
Clock: 192 Log: Customer 54 arrived -> assigned to Server 2 (service time: 4)
Clock: 193 Log: Customer 53 left Server 1 (waited: 0, total in system: 4)
Clock: 196 Log: Customer 54 left Server 2 (waited: 0, total in system: 4)
Clock: 197 Log: Customer 55 arrived -> assigned to Server 1 (service time: 5)
Clock: 202 Log: Customer 56 arrived -> assigned to Server 2 (service time: 2)
Clock: 202 Log: Customer 55 left Server 1 (waited: 0, total in system: 5)
Clock: 204 Log: Customer 56 left Server 2 (waited: 0, total in system: 2)
Clock: 207 Log: Customer 57 arrived -> assigned to Server 1 (service time: 3)
Clock: 210 Log: Customer 57 left Server 1 (waited: 0, total in system: 3)
Clock: 212 Log: Customer 58 arrived -> assigned to Server 1 (service time: 6)
Clock: 214 Log: Customer 59 arrived -> assigned to Server 2 (service time: 3)
Clock: 217 Log: Customer 59 left Server 2 (waited: 0, total in system: 3)
Clock: 218 Log: Customer 58 left Server 1 (waited: 0, total in system: 6)
Clock: 219 Log: Customer 60 arrived -> assigned to Server 1 (service time: 5)
Clock: 220 Log: Customer 61 arrived -> assigned to Server 2 (service time: 3)
Clock: 222 Log: Customer 62 arrived but all servers busy, added to queue (queue size: 1)
Clock: 223 Log: Customer 61 left Server 2 (waited: 0, total in system: 3)
Clock: 223 Log: Customer 62 dequeued then assigned to Server 2 (service time: 3)
Clock: 224 Log: Customer 63 arrived but all servers busy, added to queue (queue size: 1)
Clock: 224 Log: Customer 60 left Server 1 (waited: 0, total in system: 5)
Clock: 224 Log: Customer 63 dequeued then assigned to Server 1 (service time: 4)
Clock: 226 Log: Customer 62 left Server 2 (waited: 1, total in system: 4)
Clock: 228 Log: Customer 64 arrived -> assigned to Server 2 (service time: 6)
Clock: 228 Log: Customer 63 left Server 1 (waited: 0, total in system: 4)
Clock: 230 Log: Customer 65 arrived -> assigned to Server 1 (service time: 6)
Clock: 232 Log: Customer 66 arrived but all servers busy, added to queue (queue size: 1)
Clock: 234 Log: Customer 64 left Server 2 (waited: 0, total in system: 6)
Clock: 234 Log: Customer 66 dequeued then assigned to Server 2 (service time: 4)
Clock: 236 Log: Customer 67 arrived but all servers busy, added to queue (queue size: 1)
Clock: 236 Log: Customer 65 left Server 1 (waited: 0, total in system: 6)
Clock: 236 Log: Customer 67 dequeued then assigned to Server 1 (service time: 3)
Clock: 238 Log: Customer 66 left Server 2 (waited: 2, total in system: 6)
Clock: 239 Log: Customer 67 left Server 1 (waited: 0, total in system: 3)
Clock: 240 Log: Customer 68 arrived -> assigned to Server 1 (service time: 3)
Clock: 243 Log: Customer 69 arrived -> assigned to Server 2 (service time: 2)
Clock: 243 Log: Customer 68 left Server 1 (waited: 0, total in system: 3)
Clock: 244 Log: Customer 70 arrived -> assigned to Server 1 (service time: 6)
Clock: 245 Log: Customer 69 left Server 2 (waited: 0, total in system: 2)
Clock: 249 Log: Customer 71 arrived -> assigned to Server 2 (service time: 6)
Clock: 250 Log: Customer 70 left Server 1 (waited: 0, total in system: 6)
Clock: 253 Log: Customer 72 arrived -> assigned to Server 1 (service time: 3)
Clock: 255 Log: Customer 71 left Server 2 (waited: 0, total in system: 6)
Clock: 256 Log: Customer 72 left Server 1 (waited: 0, total in system: 3)
Clock: 258 Log: Customer 73 arrived -> assigned to Server 1 (service time: 4)
Clock: 260 Log: Customer 74 arrived -> assigned to Server 2 (service time: 3)
Clock: 262 Log: Customer 73 left Server 1 (waited: 0, total in system: 4)
Clock: 263 Log: Customer 74 left Server 2 (waited: 0, total in system: 3)
Clock: 265 Log: Customer 75 arrived -> assigned to Server 1 (service time: 2)
Clock: 267 Log: Customer 75 left Server 1 (waited: 0, total in system: 2)
Clock: 269 Log: Customer 76 arrived -> assigned to Server 1 (service time: 5)
Clock: 274 Log: Customer 77 arrived -> assigned to Server 2 (service time: 5)
Clock: 274 Log: Customer 76 left Server 1 (waited: 0, total in system: 5)
Clock: 278 Log: Customer 78 arrived -> assigned to Server 1 (service time: 6)
Clock: 279 Log: Customer 79 arrived but all servers busy, added to queue (queue size: 1)
Clock: 279 Log: Customer 77 left Server 2 (waited: 0, total in system: 5)
Clock: 279 Log: Customer 79 dequeued then assigned to Server 2 (service time: 2)
Clock: 281 Log: Customer 79 left Server 2 (waited: 0, total in system: 2)
Clock: 284 Log: Customer 80 arrived -> assigned to Server 2 (service time: 3)
Clock: 284 Log: Customer 78 left Server 1 (waited: 0, total in system: 6)
Clock: 286 Log: Customer 81 arrived -> assigned to Server 1 (service time: 4)
Clock: 287 Log: Customer 80 left Server 2 (waited: 0, total in system: 3)
Clock: 288 Log: Customer 82 arrived -> assigned to Server 2 (service time: 3)
Clock: 290 Log: Customer 83 arrived but all servers busy, added to queue (queue size: 1)
Clock: 290 Log: Customer 81 left Server 1 (waited: 0, total in system: 4)
Clock: 290 Log: Customer 83 dequeued then assigned to Server 1 (service time: 6)
Clock: 291 Log: Customer 82 left Server 2 (waited: 0, total in system: 3)
Clock: 295 Log: Customer 84 arrived -> assigned to Server 2 (service time: 2)
Clock: 296 Log: Customer 83 left Server 1 (waited: 0, total in system: 6)
Clock: 297 Log: Customer 84 left Server 2 (waited: 0, total in system: 2)
Clock: 297 Log: Customer 85 arrived -> assigned to Server 1 (service time: 3)
Clock: 299 Log: Customer 86 arrived -> assigned to Server 2 (service time: 3)
Clock: 300 Log: Customer 85 left Server 1 (waited: 0, total in system: 3)
Clock: 302 Log: Customer 86 left Server 2 (waited: 0, total in system: 3)
Clock: 303 Log: Customer 87 arrived -> assigned to Server 1 (service time: 4)
Clock: 305 Log: Customer 88 arrived -> assigned to Server 2 (service time: 2)
Clock: 307 Log: Customer 87 left Server 1 (waited: 0, total in system: 4)
Clock: 307 Log: Customer 88 left Server 2 (waited: 0, total in system: 2)
Clock: 310 Log: Customer 89 arrived -> assigned to Server 1 (service time: 3)
Clock: 313 Log: Customer 89 left Server 1 (waited: 0, total in system: 3)
Clock: 315 Log: Customer 90 arrived -> assigned to Server 1 (service time: 2)
Clock: 317 Log: Customer 91 arrived -> assigned to Server 2 (service time: 5)
Clock: 317 Log: Customer 90 left Server 1 (waited: 0, total in system: 2)
Clock: 319 Log: Customer 92 arrived -> assigned to Server 1 (service time: 3)
Clock: 322 Log: Customer 91 left Server 2 (waited: 0, total in system: 5)
Clock: 322 Log: Customer 92 left Server 1 (waited: 0, total in system: 3)
Clock: 322 Log: Customer 93 arrived -> assigned to Server 1 (service time: 4)
Clock: 326 Log: Customer 94 arrived -> assigned to Server 2 (service time: 2)
Clock: 326 Log: Customer 93 left Server 1 (waited: 0, total in system: 4)
Clock: 328 Log: Customer 94 left Server 2 (waited: 0, total in system: 2)
Clock: 330 Log: Customer 95 arrived -> assigned to Server 1 (service time: 2)
Clock: 332 Log: Customer 95 left Server 1 (waited: 0, total in system: 2)
Clock: 335 Log: Customer 96 arrived -> assigned to Server 1 (service time: 4)
Clock: 339 Log: Customer 97 arrived -> assigned to Server 2 (service time: 3)
Clock: 339 Log: Customer 96 left Server 1 (waited: 0, total in system: 4)
Clock: 342 Log: Customer 97 left Server 2 (waited: 0, total in system: 3)
Clock: 344 Log: Customer 98 arrived -> assigned to Server 1 (service time: 5)
Clock: 349 Log: Customer 99 arrived -> assigned to Server 2 (service time: 5)
Clock: 349 Log: Customer 98 left Server 1 (waited: 0, total in system: 5)
Clock: 351 Log: Customer 100 arrived -> assigned to Server 1 (service time: 3)
Clock: 354 Log: Customer 99 left Server 2 (waited: 0, total in system: 5)
Clock: 354 Log: Customer 100 left Server 1 (waited: 0, total in system: 3)
Clock: 4 Log: Customer 1 arrived -> assigned to Server 1 (service time: 3)
Clock: 7 Log: Customer 1 left Server 1 (waited: 0, total in system: 3)
Clock: 9 Log: Customer 2 arrived -> assigned to Server 1 (service time: 5)
Clock: 12 Log: Customer 3 arrived -> assigned to Server 2 (service time: 2)
Clock: 14 Log: Customer 2 left Server 1 (waited: 0, total in system: 5)
Clock: 14 Log: Customer 3 left Server 2 (waited: 0, total in system: 2)
Clock: 16 Log: Customer 4 arrived -> assigned to Server 1 (service time: 3)
Clock: 19 Log: Customer 4 left Server 1 (waited: 0, total in system: 3)
Clock: 21 Log: Customer 5 arrived -> assigned to Server 1 (service time: 2)
Clock: 23 Log: Customer 5 left Server 1 (waited: 0, total in system: 2)
Clock: 24 Log: Customer 6 arrived -> assigned to Server 1 (service time: 4)
Clock: 27 Log: Customer 7 arrived -> assigned to Server 2 (service time: 6)
Clock: 28 Log: Customer 6 left Server 1 (waited: 0, total in system: 4)
Clock: 30 Log: Customer 8 arrived -> assigned to Server 1 (service time: 6)
Clock: 33 Log: Customer 9 arrived but all servers busy, added to queue (queue size: 1)
Clock: 33 Log: Customer 7 left Server 2 (waited: 0, total in system: 6)
Clock: 33 Log: Customer 9 dequeued then assigned to Server 2 (service time: 4)
Clock: 36 Log: Customer 8 left Server 1 (waited: 0, total in system: 6)
Clock: 37 Log: Customer 9 left Server 2 (waited: 0, total in system: 4)
Clock: 38 Log: Customer 10 arrived -> assigned to Server 1 (service time: 5)
Clock: 40 Log: Customer 11 arrived -> assigned to Server 2 (service time: 4)
Clock: 42 Log: Customer 12 arrived but all servers busy, added to queue (queue size: 1)
Clock: 43 Log: Customer 10 left Server 1 (waited: 0, total in system: 5)
Clock: 43 Log: Customer 12 dequeued then assigned to Server 1 (service time: 5)
Clock: 44 Log: Customer 11 left Server 2 (waited: 0, total in system: 4)
Clock: 44 Log: Customer 13 arrived -> assigned to Server 2 (service time: 2)
Clock: 46 Log: Customer 13 left Server 2 (waited: 0, total in system: 2)
Clock: 48 Log: Customer 12 left Server 1 (waited: 1, total in system: 6)
Clock: 49 Log: Customer 14 arrived -> assigned to Server 1 (service time: 6)
Clock: 51 Log: Customer 15 arrived -> assigned to Server 2 (service time: 6)
Clock: 55 Log: Customer 14 left Server 1 (waited: 0, total in system: 6)
Clock: 56 Log: Customer 16 arrived -> assigned to Server 1 (service time: 2)
Clock: 57 Log: Customer 15 left Server 2 (waited: 0, total in system: 6)
Clock: 58 Log: Customer 16 left Server 1 (waited: 0, total in system: 2)
Clock: 60 Log: Customer 17 arrived -> assigned to Server 1 (service time: 2)
Clock: 62 Log: Customer 17 left Server 1 (waited: 0, total in system: 2)
Clock: 65 Log: Customer 18 arrived -> assigned to Server 1 (service time: 6)
Clock: 69 Log: Customer 19 arrived -> assigned to Server 2 (service time: 5)
Clock: 71 Log: Customer 20 arrived but all servers busy, added to queue (queue size: 1)
Clock: 71 Log: Customer 18 left Server 1 (waited: 0, total in system: 6)
Clock: 71 Log: Customer 20 dequeued then assigned to Server 1 (service time: 3)
Clock: 74 Log: Customer 21 arrived but all servers busy, added to queue (queue size: 1)
Clock: 74 Log: Customer 19 left Server 2 (waited: 0, total in system: 5)
Clock: 74 Log: Customer 21 dequeued then assigned to Server 2 (service time: 3)
Clock: 74 Log: Customer 20 left Server 1 (waited: 0, total in system: 3)
Clock: 77 Log: Customer 22 arrived -> assigned to Server 1 (service time: 2)
Clock: 77 Log: Customer 21 left Server 2 (waited: 0, total in system: 3)
Clock: 79 Log: Customer 22 left Server 1 (waited: 0, total in system: 2)
Clock: 82 Log: Customer 23 arrived -> assigned to Server 1 (service time: 4)
Clock: 86 Log: Customer 24 arrived -> assigned to Server 2 (service time: 2)
Clock: 86 Log: Customer 23 left Server 1 (waited: 0, total in system: 4)
Clock: 87 Log: Customer 25 arrived -> assigned to Server 1 (service time: 5)
Clock: 88 Log: Customer 24 left Server 2 (waited: 0, total in system: 2)
Clock: 91 Log: Customer 26 arrived -> assigned to Server 2 (service time: 2)
Clock: 92 Log: Customer 25 left Server 1 (waited: 0, total in system: 5)
Clock: 93 Log: Customer 26 left Server 2 (waited: 0, total in system: 2)
Clock: 96 Log: Customer 27 arrived -> assigned to Server 1 (service time: 6)
Clock: 101 Log: Customer 28 arrived -> assigned to Server 2 (service time: 3)
Clock: 102 Log: Customer 27 left Server 1 (waited: 0, total in system: 6)
Clock: 103 Log: Customer 29 arrived -> assigned to Server 1 (service time: 3)
Clock: 104 Log: Customer 28 left Server 2 (waited: 0, total in system: 3)
Clock: 106 Log: Customer 29 left Server 1 (waited: 0, total in system: 3)
Clock: 108 Log: Customer 30 arrived -> assigned to Server 1 (service time: 4)
Clock: 110 Log: Customer 31 arrived -> assigned to Server 2 (service time: 3)
Clock: 112 Log: Customer 30 left Server 1 (waited: 0, total in system: 4)
Clock: 113 Log: Customer 31 left Server 2 (waited: 0, total in system: 3)
Clock: 115 Log: Customer 32 arrived -> assigned to Server 1 (service time: 2)
Clock: 117 Log: Customer 32 left Server 1 (waited: 0, total in system: 2)
Clock: 120 Log: Customer 33 arrived -> assigned to Server 1 (service time: 4)
Clock: 123 Log: Customer 34 arrived -> assigned to Server 2 (service time: 3)
Clock: 124 Log: Customer 33 left Server 1 (waited: 0, total in system: 4)
Clock: 126 Log: Customer 34 left Server 2 (waited: 0, total in system: 3)
Clock: 127 Log: Customer 35 arrived -> assigned to Server 1 (service time: 6)
Clock: 129 Log: Customer 36 arrived -> assigned to Server 2 (service time: 2)
Clock: 131 Log: Customer 36 left Server 2 (waited: 0, total in system: 2)
Clock: 133 Log: Customer 35 left Server 1 (waited: 0, total in system: 6)
Clock: 134 Log: Customer 37 arrived -> assigned to Server 1 (service time: 4)
Clock: 135 Log: Customer 38 arrived -> assigned to Server 2 (service time: 5)
Clock: 138 Log: Customer 37 left Server 1 (waited: 0, total in system: 4)
Clock: 138 Log: Customer 39 arrived -> assigned to Server 1 (service time: 2)
Clock: 140 Log: Customer 40 arrived but all servers busy, added to queue (queue size: 1)
Clock: 140 Log: Customer 38 left Server 2 (waited: 0, total in system: 5)
Clock: 140 Log: Customer 40 dequeued then assigned to Server 2 (service time: 3)
Clock: 140 Log: Customer 39 left Server 1 (waited: 0, total in system: 2)
Clock: 143 Log: Customer 41 arrived -> assigned to Server 1 (service time: 4)
Clock: 143 Log: Customer 40 left Server 2 (waited: 0, total in system: 3)
Clock: 145 Log: Customer 42 arrived -> assigned to Server 2 (service time: 3)
Clock: 147 Log: Customer 41 left Server 1 (waited: 0, total in system: 4)
Clock: 148 Log: Customer 42 left Server 2 (waited: 0, total in system: 3)
Clock: 149 Log: Customer 43 arrived -> assigned to Server 1 (service time: 3)
Clock: 152 Log: Customer 43 left Server 1 (waited: 0, total in system: 3)
Clock: 153 Log: Customer 44 arrived -> assigned to Server 1 (service time: 6)
Clock: 158 Log: Customer 45 arrived -> assigned to Server 2 (service time: 6)
Clock: 159 Log: Customer 44 left Server 1 (waited: 0, total in system: 6)
Clock: 162 Log: Customer 46 arrived -> assigned to Server 1 (service time: 6)
Clock: 164 Log: Customer 45 left Server 2 (waited: 0, total in system: 6)
Clock: 167 Log: Customer 47 arrived -> assigned to Server 2 (service time: 3)
Clock: 168 Log: Customer 46 left Server 1 (waited: 0, total in system: 6)
Clock: 170 Log: Customer 47 left Server 2 (waited: 0, total in system: 3)
Clock: 172 Log: Customer 48 arrived -> assigned to Server 1 (service time: 4)
Clock: 174 Log: Customer 49 arrived -> assigned to Server 2 (service time: 3)
Clock: 176 Log: Customer 48 left Server 1 (waited: 0, total in system: 4)
Clock: 177 Log: Customer 49 left Server 2 (waited: 0, total in system: 3)
Clock: 179 Log: Customer 50 arrived -> assigned to Server 1 (service time: 4)
Clock: 180 Log: Customer 51 arrived -> assigned to Server 2 (service time: 4)
Clock: 183 Log: Customer 50 left Server 1 (waited: 0, total in system: 4)
Clock: 184 Log: Customer 51 left Server 2 (waited: 0, total in system: 4)
Clock: 185 Log: Customer 52 arrived -> assigned to Server 1 (service time: 5)
Clock: 190 Log: Customer 53 arrived -> assigned to Server 2 (service time: 2)
Clock: 190 Log: Customer 52 left Server 1 (waited: 0, total in system: 5)
Clock: 191 Log: Customer 54 arrived -> assigned to Server 1 (service time: 6)
Clock: 192 Log: Customer 53 left Server 2 (waited: 0, total in system: 2)
Clock: 195 Log: Customer 55 arrived -> assigned to Server 2 (service time: 6)
Clock: 197 Log: Customer 54 left Server 1 (waited: 0, total in system: 6)
Clock: 199 Log: Customer 56 arrived -> assigned to Server 1 (service time: 6)
Clock: 201 Log: Customer 55 left Server 2 (waited: 0, total in system: 6)
Clock: 203 Log: Customer 57 arrived -> assigned to Server 2 (service time: 6)
Clock: 204 Log: Customer 58 arrived but all servers busy, added to queue (queue size: 1)
Clock: 205 Log: Customer 56 left Server 1 (waited: 0, total in system: 6)
Clock: 205 Log: Customer 58 dequeued then assigned to Server 1 (service time: 3)
Clock: 208 Log: Customer 58 left Server 1 (waited: 1, total in system: 4)
Clock: 209 Log: Customer 59 arrived -> assigned to Server 1 (service time: 3)
Clock: 209 Log: Customer 57 left Server 2 (waited: 0, total in system: 6)
Clock: 212 Log: Customer 59 left Server 1 (waited: 0, total in system: 3)
Clock: 213 Log: Customer 60 arrived -> assigned to Server 1 (service time: 6)
Clock: 217 Log: Customer 61 arrived -> assigned to Server 2 (service time: 2)
Clock: 219 Log: Customer 62 arrived but all servers busy, added to queue (queue size: 1)
Clock: 219 Log: Customer 60 left Server 1 (waited: 0, total in system: 6)
Clock: 219 Log: Customer 62 dequeued then assigned to Server 1 (service time: 4)
Clock: 219 Log: Customer 61 left Server 2 (waited: 0, total in system: 2)
Clock: 222 Log: Customer 63 arrived -> assigned to Server 2 (service time: 3)
Clock: 223 Log: Customer 62 left Server 1 (waited: 0, total in system: 4)
Clock: 225 Log: Customer 63 left Server 2 (waited: 0, total in system: 3)
Clock: 226 Log: Customer 64 arrived -> assigned to Server 1 (service time: 4)
Clock: 228 Log: Customer 65 arrived -> assigned to Server 2 (service time: 3)
Clock: 230 Log: Customer 64 left Server 1 (waited: 0, total in system: 4)
Clock: 231 Log: Customer 65 left Server 2 (waited: 0, total in system: 3)
Clock: 233 Log: Customer 66 arrived -> assigned to Server 1 (service time: 6)
Clock: 238 Log: Customer 67 arrived -> assigned to Server 2 (service time: 4)
Clock: 239 Log: Customer 66 left Server 1 (waited: 0, total in system: 6)
Clock: 242 Log: Customer 68 arrived -> assigned to Server 1 (service time: 6)
Clock: 242 Log: Customer 67 left Server 2 (waited: 0, total in system: 4)
Clock: 246 Log: Customer 69 arrived -> assigned to Server 2 (service time: 2)
Clock: 248 Log: Customer 68 left Server 1 (waited: 0, total in system: 6)
Clock: 248 Log: Customer 69 left Server 2 (waited: 0, total in system: 2)
Clock: 251 Log: Customer 70 arrived -> assigned to Server 1 (service time: 2)
Clock: 253 Log: Customer 71 arrived -> assigned to Server 2 (service time: 5)
Clock: 253 Log: Customer 70 left Server 1 (waited: 0, total in system: 2)
Clock: 257 Log: Customer 72 arrived -> assigned to Server 1 (service time: 2)
Clock: 258 Log: Customer 71 left Server 2 (waited: 0, total in system: 5)
Clock: 259 Log: Customer 72 left Server 1 (waited: 0, total in system: 2)
Clock: 262 Log: Customer 73 arrived -> assigned to Server 1 (service time: 2)
Clock: 264 Log: Customer 73 left Server 1 (waited: 0, total in system: 2)
Clock: 267 Log: Customer 74 arrived -> assigned to Server 1 (service time: 2)
Clock: 269 Log: Customer 74 left Server 1 (waited: 0, total in system: 2)
Clock: 272 Log: Customer 75 arrived -> assigned to Server 1 (service time: 2)
Clock: 274 Log: Customer 75 left Server 1 (waited: 0, total in system: 2)
Clock: 275 Log: Customer 76 arrived -> assigned to Server 1 (service time: 6)
Clock: 280 Log: Customer 77 arrived -> assigned to Server 2 (service time: 6)
Clock: 281 Log: Customer 76 left Server 1 (waited: 0, total in system: 6)
Clock: 282 Log: Customer 78 arrived -> assigned to Server 1 (service time: 4)
Clock: 285 Log: Customer 79 arrived but all servers busy, added to queue (queue size: 1)
Clock: 286 Log: Customer 77 left Server 2 (waited: 0, total in system: 6)
Clock: 286 Log: Customer 79 dequeued then assigned to Server 2 (service time: 5)
Clock: 286 Log: Customer 78 left Server 1 (waited: 0, total in system: 4)
Clock: 290 Log: Customer 80 arrived -> assigned to Server 1 (service time: 3)
Clock: 291 Log: Customer 79 left Server 2 (waited: 1, total in system: 6)
Clock: 293 Log: Customer 80 left Server 1 (waited: 0, total in system: 3)
Clock: 295 Log: Customer 81 arrived -> assigned to Server 1 (service time: 2)
Clock: 296 Log: Customer 82 arrived -> assigned to Server 2 (service time: 2)
Clock: 297 Log: Customer 81 left Server 1 (waited: 0, total in system: 2)
Clock: 298 Log: Customer 82 left Server 2 (waited: 0, total in system: 2)
Clock: 300 Log: Customer 83 arrived -> assigned to Server 1 (service time: 4)
Clock: 304 Log: Customer 83 left Server 1 (waited: 0, total in system: 4)
Clock: 305 Log: Customer 84 arrived -> assigned to Server 1 (service time: 6)
Clock: 310 Log: Customer 85 arrived -> assigned to Server 2 (service time: 5)
Clock: 311 Log: Customer 84 left Server 1 (waited: 0, total in system: 6)
Clock: 312 Log: Customer 86 arrived -> assigned to Server 1 (service time: 6)
Clock: 315 Log: Customer 85 left Server 2 (waited: 0, total in system: 5)
Clock: 316 Log: Customer 87 arrived -> assigned to Server 2 (service time: 4)
Clock: 318 Log: Customer 86 left Server 1 (waited: 0, total in system: 6)
Clock: 320 Log: Customer 87 left Server 2 (waited: 0, total in system: 4)
Clock: 321 Log: Customer 88 arrived -> assigned to Server 1 (service time: 2)
Clock: 323 Log: Customer 88 left Server 1 (waited: 0, total in system: 2)
Clock: 325 Log: Customer 89 arrived -> assigned to Server 1 (service time: 2)
Clock: 327 Log: Customer 89 left Server 1 (waited: 0, total in system: 2)
Clock: 330 Log: Customer 90 arrived -> assigned to Server 1 (service time: 2)
Clock: 332 Log: Customer 90 left Server 1 (waited: 0, total in system: 2)
Clock: 334 Log: Customer 91 arrived -> assigned to Server 1 (service time: 2)
Clock: 336 Log: Customer 91 left Server 1 (waited: 0, total in system: 2)
Clock: 339 Log: Customer 92 arrived -> assigned to Server 1 (service time: 5)
Clock: 344 Log: Customer 93 arrived -> assigned to Server 2 (service time: 5)
Clock: 344 Log: Customer 92 left Server 1 (waited: 0, total in system: 5)
Clock: 348 Log: Customer 94 arrived -> assigned to Server 1 (service time: 3)
Clock: 349 Log: Customer 93 left Server 2 (waited: 0, total in system: 5)
Clock: 350 Log: Customer 95 arrived -> assigned to Server 2 (service time: 4)
Clock: 351 Log: Customer 94 left Server 1 (waited: 0, total in system: 3)
Clock: 353 Log: Customer 96 arrived -> assigned to Server 1 (service time: 6)
Clock: 354 Log: Customer 95 left Server 2 (waited: 0, total in system: 4)
Clock: 354 Log: Customer 97 arrived -> assigned to Server 2 (service time: 4)
Clock: 358 Log: Customer 98 arrived but all servers busy, added to queue (queue size: 1)
Clock: 358 Log: Customer 97 left Server 2 (waited: 0, total in system: 4)
Clock: 358 Log: Customer 98 dequeued then assigned to Server 2 (service time: 2)
Clock: 359 Log: Customer 96 left Server 1 (waited: 0, total in system: 6)
Clock: 360 Log: Customer 98 left Server 2 (waited: 0, total in system: 2)
Clock: 362 Log: Customer 99 arrived -> assigned to Server 1 (service time: 6)
Clock: 365 Log: Customer 100 arrived -> assigned to Server 2 (service time: 3)
Clock: 368 Log: Customer 99 left Server 1 (waited: 0, total in system: 6)
Clock: 368 Log: Customer 100 left Server 2 (waited: 0, total in system: 3)
Clock: 4 Log: Customer 1 arrived -> assigned to Server 1 (service time: 3)
Clock: 7 Log: Customer 1 left Server 1 (waited: 0, total in system: 3)
Clock: 8 Log: Customer 2 arrived -> assigned to Server 1 (service time: 6)
Clock: 13 Log: Customer 3 arrived -> assigned to Server 2 (service time: 2)
Clock: 14 Log: Customer 2 left Server 1 (waited: 0, total in system: 6)
Clock: 15 Log: Customer 4 arrived -> assigned to Server 1 (service time: 3)
Clock: 15 Log: Customer 3 left Server 2 (waited: 0, total in system: 2)
Clock: 17 Log: Customer 5 arrived -> assigned to Server 2 (service time: 3)
Clock: 18 Log: Customer 6 arrived but all servers busy, added to queue (queue size: 1)
Clock: 18 Log: Customer 4 left Server 1 (waited: 0, total in system: 3)
Clock: 18 Log: Customer 6 dequeued then assigned to Server 1 (service time: 5)
Clock: 20 Log: Customer 5 left Server 2 (waited: 0, total in system: 3)
Clock: 21 Log: Customer 7 arrived -> assigned to Server 2 (service time: 3)
Clock: 23 Log: Customer 8 arrived but all servers busy, added to queue (queue size: 1)
Clock: 23 Log: Customer 6 left Server 1 (waited: 0, total in system: 5)
Clock: 23 Log: Customer 8 dequeued then assigned to Server 1 (service time: 3)
Clock: 24 Log: Customer 7 left Server 2 (waited: 0, total in system: 3)
Clock: 25 Log: Customer 9 arrived -> assigned to Server 2 (service time: 3)
Clock: 26 Log: Customer 8 left Server 1 (waited: 0, total in system: 3)
Clock: 28 Log: Customer 9 left Server 2 (waited: 0, total in system: 3)
Clock: 30 Log: Customer 10 arrived -> assigned to Server 1 (service time: 6)
Clock: 32 Log: Customer 11 arrived -> assigned to Server 2 (service time: 6)
Clock: 36 Log: Customer 10 left Server 1 (waited: 0, total in system: 6)
Clock: 37 Log: Customer 12 arrived -> assigned to Server 1 (service time: 3)
Clock: 38 Log: Customer 11 left Server 2 (waited: 0, total in system: 6)
Clock: 40 Log: Customer 12 left Server 1 (waited: 0, total in system: 3)
Clock: 40 Log: Customer 13 arrived -> assigned to Server 1 (service time: 6)
Clock: 41 Log: Customer 14 arrived -> assigned to Server 2 (service time: 5)
Clock: 45 Log: Customer 15 arrived but all servers busy, added to queue (queue size: 1)
Clock: 46 Log: Customer 13 left Server 1 (waited: 0, total in system: 6)
Clock: 46 Log: Customer 15 dequeued then assigned to Server 1 (service time: 5)
Clock: 46 Log: Customer 14 left Server 2 (waited: 0, total in system: 5)
Clock: 50 Log: Customer 16 arrived -> assigned to Server 2 (service time: 2)
Clock: 51 Log: Customer 15 left Server 1 (waited: 1, total in system: 6)
Clock: 52 Log: Customer 16 left Server 2 (waited: 0, total in system: 2)
Clock: 53 Log: Customer 17 arrived -> assigned to Server 1 (service time: 3)
Clock: 55 Log: Customer 18 arrived -> assigned to Server 2 (service time: 3)
Clock: 56 Log: Customer 17 left Server 1 (waited: 0, total in system: 3)
Clock: 57 Log: Customer 19 arrived -> assigned to Server 1 (service time: 4)
Clock: 58 Log: Customer 18 left Server 2 (waited: 0, total in system: 3)
Clock: 61 Log: Customer 19 left Server 1 (waited: 0, total in system: 4)
Clock: 62 Log: Customer 20 arrived -> assigned to Server 1 (service time: 4)
Clock: 64 Log: Customer 21 arrived -> assigned to Server 2 (service time: 3)
Clock: 66 Log: Customer 22 arrived but all servers busy, added to queue (queue size: 1)
Clock: 66 Log: Customer 20 left Server 1 (waited: 0, total in system: 4)
Clock: 66 Log: Customer 22 dequeued then assigned to Server 1 (service time: 4)
Clock: 67 Log: Customer 23 arrived but all servers busy, added to queue (queue size: 1)
Clock: 67 Log: Customer 21 left Server 2 (waited: 0, total in system: 3)
Clock: 67 Log: Customer 23 dequeued then assigned to Server 2 (service time: 2)
Clock: 69 Log: Customer 23 left Server 2 (waited: 0, total in system: 2)
Clock: 70 Log: Customer 22 left Server 1 (waited: 0, total in system: 4)
Clock: 72 Log: Customer 24 arrived -> assigned to Server 1 (service time: 3)
Clock: 74 Log: Customer 25 arrived -> assigned to Server 2 (service time: 4)
Clock: 75 Log: Customer 24 left Server 1 (waited: 0, total in system: 3)
Clock: 78 Log: Customer 25 left Server 2 (waited: 0, total in system: 4)
Clock: 79 Log: Customer 26 arrived -> assigned to Server 1 (service time: 6)
Clock: 84 Log: Customer 27 arrived -> assigned to Server 2 (service time: 2)
Clock: 85 Log: Customer 26 left Server 1 (waited: 0, total in system: 6)
Clock: 86 Log: Customer 27 left Server 2 (waited: 0, total in system: 2)
Clock: 88 Log: Customer 28 arrived -> assigned to Server 1 (service time: 5)
Clock: 92 Log: Customer 29 arrived -> assigned to Server 2 (service time: 5)
Clock: 93 Log: Customer 28 left Server 1 (waited: 0, total in system: 5)
Clock: 95 Log: Customer 30 arrived -> assigned to Server 1 (service time: 3)
Clock: 97 Log: Customer 29 left Server 2 (waited: 0, total in system: 5)
Clock: 98 Log: Customer 30 left Server 1 (waited: 0, total in system: 3)
Clock: 100 Log: Customer 31 arrived -> assigned to Server 1 (service time: 6)
Clock: 101 Log: Customer 32 arrived -> assigned to Server 2 (service time: 5)
Clock: 104 Log: Customer 33 arrived but all servers busy, added to queue (queue size: 1)
Clock: 106 Log: Customer 31 left Server 1 (waited: 0, total in system: 6)
Clock: 106 Log: Customer 33 dequeued then assigned to Server 1 (service time: 4)
Clock: 106 Log: Customer 32 left Server 2 (waited: 0, total in system: 5)
Clock: 109 Log: Customer 34 arrived -> assigned to Server 2 (service time: 3)
Clock: 110 Log: Customer 33 left Server 1 (waited: 2, total in system: 6)
Clock: 112 Log: Customer 35 arrived -> assigned to Server 1 (service time: 2)
Clock: 112 Log: Customer 34 left Server 2 (waited: 0, total in system: 3)
Clock: 114 Log: Customer 35 left Server 1 (waited: 0, total in system: 2)
Clock: 117 Log: Customer 36 arrived -> assigned to Server 1 (service time: 6)
Clock: 121 Log: Customer 37 arrived -> assigned to Server 2 (service time: 6)
Clock: 123 Log: Customer 36 left Server 1 (waited: 0, total in system: 6)
Clock: 124 Log: Customer 38 arrived -> assigned to Server 1 (service time: 5)
Clock: 127 Log: Customer 39 arrived but all servers busy, added to queue (queue size: 1)
Clock: 127 Log: Customer 37 left Server 2 (waited: 0, total in system: 6)
Clock: 127 Log: Customer 39 dequeued then assigned to Server 2 (service time: 4)
Clock: 129 Log: Customer 38 left Server 1 (waited: 0, total in system: 5)
Clock: 131 Log: Customer 39 left Server 2 (waited: 0, total in system: 4)
Clock: 132 Log: Customer 40 arrived -> assigned to Server 1 (service time: 2)
Clock: 134 Log: Customer 40 left Server 1 (waited: 0, total in system: 2)
Clock: 137 Log: Customer 41 arrived -> assigned to Server 1 (service time: 2)
Clock: 139 Log: Customer 42 arrived -> assigned to Server 2 (service time: 6)
Clock: 139 Log: Customer 41 left Server 1 (waited: 0, total in system: 2)
Clock: 142 Log: Customer 43 arrived -> assigned to Server 1 (service time: 3)
Clock: 145 Log: Customer 44 arrived but all servers busy, added to queue (queue size: 1)
Clock: 145 Log: Customer 42 left Server 2 (waited: 0, total in system: 6)
Clock: 145 Log: Customer 44 dequeued then assigned to Server 2 (service time: 5)
Clock: 145 Log: Customer 43 left Server 1 (waited: 0, total in system: 3)
Clock: 148 Log: Customer 45 arrived -> assigned to Server 1 (service time: 4)
Clock: 150 Log: Customer 44 left Server 2 (waited: 0, total in system: 5)
Clock: 152 Log: Customer 45 left Server 1 (waited: 0, total in system: 4)
Clock: 153 Log: Customer 46 arrived -> assigned to Server 1 (service time: 5)
Clock: 155 Log: Customer 47 arrived -> assigned to Server 2 (service time: 6)
Clock: 158 Log: Customer 46 left Server 1 (waited: 0, total in system: 5)
Clock: 160 Log: Customer 48 arrived -> assigned to Server 1 (service time: 4)
Clock: 161 Log: Customer 47 left Server 2 (waited: 0, total in system: 6)
Clock: 164 Log: Customer 48 left Server 1 (waited: 0, total in system: 4)
Clock: 165 Log: Customer 49 arrived -> assigned to Server 1 (service time: 2)
Clock: 167 Log: Customer 49 left Server 1 (waited: 0, total in system: 2)
Clock: 168 Log: Customer 50 arrived -> assigned to Server 1 (service time: 4)
Clock: 171 Log: Customer 51 arrived -> assigned to Server 2 (service time: 6)
Clock: 172 Log: Customer 50 left Server 1 (waited: 0, total in system: 4)
Clock: 174 Log: Customer 52 arrived -> assigned to Server 1 (service time: 6)
Clock: 177 Log: Customer 51 left Server 2 (waited: 0, total in system: 6)
Clock: 179 Log: Customer 53 arrived -> assigned to Server 2 (service time: 3)
Clock: 180 Log: Customer 52 left Server 1 (waited: 0, total in system: 6)
Clock: 182 Log: Customer 53 left Server 2 (waited: 0, total in system: 3)
Clock: 183 Log: Customer 54 arrived -> assigned to Server 1 (service time: 6)
Clock: 185 Log: Customer 55 arrived -> assigned to Server 2 (service time: 3)
Clock: 188 Log: Customer 55 left Server 2 (waited: 0, total in system: 3)
Clock: 189 Log: Customer 54 left Server 1 (waited: 0, total in system: 6)
Clock: 190 Log: Customer 56 arrived -> assigned to Server 1 (service time: 6)
Clock: 194 Log: Customer 57 arrived -> assigned to Server 2 (service time: 4)
Clock: 196 Log: Customer 56 left Server 1 (waited: 0, total in system: 6)
Clock: 198 Log: Customer 57 left Server 2 (waited: 0, total in system: 4)
Clock: 198 Log: Customer 58 arrived -> assigned to Server 1 (service time: 5)
Clock: 201 Log: Customer 59 arrived -> assigned to Server 2 (service time: 2)
Clock: 203 Log: Customer 58 left Server 1 (waited: 0, total in system: 5)
Clock: 203 Log: Customer 59 left Server 2 (waited: 0, total in system: 2)
Clock: 205 Log: Customer 60 arrived -> assigned to Server 1 (service time: 5)
Clock: 210 Log: Customer 61 arrived -> assigned to Server 2 (service time: 4)
Clock: 210 Log: Customer 60 left Server 1 (waited: 0, total in system: 5)
Clock: 214 Log: Customer 61 left Server 2 (waited: 0, total in system: 4)
Clock: 214 Log: Customer 62 arrived -> assigned to Server 1 (service time: 4)
Clock: 216 Log: Customer 63 arrived -> assigned to Server 2 (service time: 3)
Clock: 218 Log: Customer 62 left Server 1 (waited: 0, total in system: 4)
Clock: 219 Log: Customer 64 arrived -> assigned to Server 1 (service time: 3)
Clock: 219 Log: Customer 63 left Server 2 (waited: 0, total in system: 3)
Clock: 220 Log: Customer 65 arrived -> assigned to Server 2 (service time: 3)
Clock: 222 Log: Customer 64 left Server 1 (waited: 0, total in system: 3)
Clock: 223 Log: Customer 65 left Server 2 (waited: 0, total in system: 3)
Clock: 224 Log: Customer 66 arrived -> assigned to Server 1 (service time: 3)
Clock: 226 Log: Customer 67 arrived -> assigned to Server 2 (service time: 3)
Clock: 227 Log: Customer 68 arrived but all servers busy, added to queue (queue size: 1)
Clock: 227 Log: Customer 66 left Server 1 (waited: 0, total in system: 3)
Clock: 227 Log: Customer 68 dequeued then assigned to Server 1 (service time: 2)
Clock: 228 Log: Customer 69 arrived but all servers busy, added to queue (queue size: 1)
Clock: 229 Log: Customer 67 left Server 2 (waited: 0, total in system: 3)
Clock: 229 Log: Customer 69 dequeued then assigned to Server 2 (service time: 6)
Clock: 229 Log: Customer 68 left Server 1 (waited: 0, total in system: 2)
Clock: 233 Log: Customer 70 arrived -> assigned to Server 1 (service time: 4)
Clock: 235 Log: Customer 69 left Server 2 (waited: 1, total in system: 7)
Clock: 237 Log: Customer 71 arrived -> assigned to Server 2 (service time: 2)
Clock: 237 Log: Customer 70 left Server 1 (waited: 0, total in system: 4)
Clock: 239 Log: Customer 71 left Server 2 (waited: 0, total in system: 2)
Clock: 242 Log: Customer 72 arrived -> assigned to Server 1 (service time: 6)
Clock: 244 Log: Customer 73 arrived -> assigned to Server 2 (service time: 3)
Clock: 247 Log: Customer 73 left Server 2 (waited: 0, total in system: 3)
Clock: 248 Log: Customer 74 arrived -> assigned to Server 2 (service time: 3)
Clock: 248 Log: Customer 72 left Server 1 (waited: 0, total in system: 6)
Clock: 251 Log: Customer 75 arrived -> assigned to Server 1 (service time: 5)
Clock: 251 Log: Customer 74 left Server 2 (waited: 0, total in system: 3)
Clock: 253 Log: Customer 76 arrived -> assigned to Server 2 (service time: 5)
Clock: 256 Log: Customer 77 arrived but all servers busy, added to queue (queue size: 1)
Clock: 256 Log: Customer 75 left Server 1 (waited: 0, total in system: 5)
Clock: 256 Log: Customer 77 dequeued then assigned to Server 1 (service time: 6)
Clock: 258 Log: Customer 76 left Server 2 (waited: 0, total in system: 5)
Clock: 260 Log: Customer 78 arrived -> assigned to Server 2 (service time: 5)
Clock: 262 Log: Customer 77 left Server 1 (waited: 0, total in system: 6)
Clock: 264 Log: Customer 79 arrived -> assigned to Server 1 (service time: 3)
Clock: 265 Log: Customer 78 left Server 2 (waited: 0, total in system: 5)
Clock: 267 Log: Customer 80 arrived -> assigned to Server 2 (service time: 6)
Clock: 267 Log: Customer 79 left Server 1 (waited: 0, total in system: 3)
Clock: 272 Log: Customer 81 arrived -> assigned to Server 1 (service time: 3)
Clock: 273 Log: Customer 80 left Server 2 (waited: 0, total in system: 6)
Clock: 275 Log: Customer 81 left Server 1 (waited: 0, total in system: 3)
Clock: 277 Log: Customer 82 arrived -> assigned to Server 1 (service time: 2)
Clock: 279 Log: Customer 82 left Server 1 (waited: 0, total in system: 2)
Clock: 280 Log: Customer 83 arrived -> assigned to Server 1 (service time: 3)
Clock: 282 Log: Customer 84 arrived -> assigned to Server 2 (service time: 4)
Clock: 283 Log: Customer 83 left Server 1 (waited: 0, total in system: 3)
Clock: 286 Log: Customer 84 left Server 2 (waited: 0, total in system: 4)
Clock: 286 Log: Customer 85 arrived -> assigned to Server 1 (service time: 5)
Clock: 289 Log: Customer 86 arrived -> assigned to Server 2 (service time: 6)
Clock: 291 Log: Customer 85 left Server 1 (waited: 0, total in system: 5)
Clock: 294 Log: Customer 87 arrived -> assigned to Server 1 (service time: 3)
Clock: 295 Log: Customer 86 left Server 2 (waited: 0, total in system: 6)
Clock: 296 Log: Customer 88 arrived -> assigned to Server 2 (service time: 6)
Clock: 297 Log: Customer 87 left Server 1 (waited: 0, total in system: 3)
Clock: 300 Log: Customer 89 arrived -> assigned to Server 1 (service time: 5)
Clock: 302 Log: Customer 88 left Server 2 (waited: 0, total in system: 6)
Clock: 303 Log: Customer 90 arrived -> assigned to Server 2 (service time: 3)
Clock: 305 Log: Customer 89 left Server 1 (waited: 0, total in system: 5)
Clock: 306 Log: Customer 90 left Server 2 (waited: 0, total in system: 3)
Clock: 307 Log: Customer 91 arrived -> assigned to Server 1 (service time: 2)
Clock: 309 Log: Customer 91 left Server 1 (waited: 0, total in system: 2)
Clock: 311 Log: Customer 92 arrived -> assigned to Server 1 (service time: 6)
Clock: 316 Log: Customer 93 arrived -> assigned to Server 2 (service time: 3)
Clock: 317 Log: Customer 92 left Server 1 (waited: 0, total in system: 6)
Clock: 319 Log: Customer 94 arrived -> assigned to Server 1 (service time: 6)
Clock: 319 Log: Customer 93 left Server 2 (waited: 0, total in system: 3)
Clock: 323 Log: Customer 95 arrived -> assigned to Server 2 (service time: 3)
Clock: 325 Log: Customer 94 left Server 1 (waited: 0, total in system: 6)
Clock: 325 Log: Customer 96 arrived -> assigned to Server 1 (service time: 3)
Clock: 326 Log: Customer 95 left Server 2 (waited: 0, total in system: 3)
Clock: 328 Log: Customer 96 left Server 1 (waited: 0, total in system: 3)
Clock: 330 Log: Customer 97 arrived -> assigned to Server 1 (service time: 2)
Clock: 332 Log: Customer 97 left Server 1 (waited: 0, total in system: 2)
Clock: 333 Log: Customer 98 arrived -> assigned to Server 1 (service time: 6)
Clock: 338 Log: Customer 99 arrived -> assigned to Server 2 (service time: 2)
Clock: 339 Log: Customer 98 left Server 1 (waited: 0, total in system: 6)
Clock: 340 Log: Customer 99 left Server 2 (waited: 0, total in system: 2)
Clock: 340 Log: Customer 100 arrived -> assigned to Server 1 (service time: 6)
Clock: 346 Log: Customer 100 left Server 1 (waited: 0, total in system: 6)
Clock: 3 Log: Customer 1 arrived -> assigned to Server 1 (service time: 4)
Clock: 7 Log: Customer 2 arrived -> assigned to Server 2 (service time: 3)
Clock: 7 Log: Customer 1 left Server 1 (waited: 0, total in system: 4)
Clock: 10 Log: Customer 2 left Server 2 (waited: 0, total in system: 3)
Clock: 11 Log: Customer 3 arrived -> assigned to Server 1 (service time: 5)
Clock: 16 Log: Customer 4 arrived -> assigned to Server 2 (service time: 2)
Clock: 16 Log: Customer 3 left Server 1 (waited: 0, total in system: 5)
Clock: 18 Log: Customer 5 arrived -> assigned to Server 1 (service time: 3)
Clock: 18 Log: Customer 4 left Server 2 (waited: 0, total in system: 2)
Clock: 21 Log: Customer 5 left Server 1 (waited: 0, total in system: 3)
Clock: 23 Log: Customer 6 arrived -> assigned to Server 1 (service time: 4)
Clock: 25 Log: Customer 7 arrived -> assigned to Server 2 (service time: 3)
Clock: 26 Log: Customer 8 arrived but all servers busy, added to queue (queue size: 1)
Clock: 27 Log: Customer 6 left Server 1 (waited: 0, total in system: 4)
Clock: 27 Log: Customer 8 dequeued then assigned to Server 1 (service time: 3)
Clock: 28 Log: Customer 9 arrived but all servers busy, added to queue (queue size: 1)
Clock: 28 Log: Customer 7 left Server 2 (waited: 0, total in system: 3)
Clock: 28 Log: Customer 9 dequeued then assigned to Server 2 (service time: 2)
Clock: 29 Log: Customer 10 arrived but all servers busy, added to queue (queue size: 1)
Clock: 30 Log: Customer 8 left Server 1 (waited: 1, total in system: 4)
Clock: 30 Log: Customer 10 dequeued then assigned to Server 1 (service time: 6)
Clock: 30 Log: Customer 9 left Server 2 (waited: 0, total in system: 2)
Clock: 34 Log: Customer 11 arrived -> assigned to Server 2 (service time: 3)
Clock: 36 Log: Customer 10 left Server 1 (waited: 1, total in system: 7)
Clock: 37 Log: Customer 11 left Server 2 (waited: 0, total in system: 3)
Clock: 39 Log: Customer 12 arrived -> assigned to Server 1 (service time: 2)
Clock: 41 Log: Customer 12 left Server 1 (waited: 0, total in system: 2)
Clock: 44 Log: Customer 13 arrived -> assigned to Server 1 (service time: 6)
Clock: 47 Log: Customer 14 arrived -> assigned to Server 2 (service time: 2)
Clock: 49 Log: Customer 14 left Server 2 (waited: 0, total in system: 2)
Clock: 50 Log: Customer 13 left Server 1 (waited: 0, total in system: 6)
Clock: 50 Log: Customer 15 arrived -> assigned to Server 1 (service time: 4)
Clock: 52 Log: Customer 16 arrived -> assigned to Server 2 (service time: 2)
Clock: 54 Log: Customer 15 left Server 1 (waited: 0, total in system: 4)
Clock: 54 Log: Customer 16 left Server 2 (waited: 0, total in system: 2)
Clock: 56 Log: Customer 17 arrived -> assigned to Server 1 (service time: 3)
Clock: 59 Log: Customer 18 arrived -> assigned to Server 2 (service time: 4)
Clock: 59 Log: Customer 17 left Server 1 (waited: 0, total in system: 3)
Clock: 63 Log: Customer 18 left Server 2 (waited: 0, total in system: 4)
Clock: 64 Log: Customer 19 arrived -> assigned to Server 1 (service time: 4)
Clock: 68 Log: Customer 19 left Server 1 (waited: 0, total in system: 4)
Clock: 69 Log: Customer 20 arrived -> assigned to Server 1 (service time: 5)
Clock: 74 Log: Customer 21 arrived -> assigned to Server 2 (service time: 5)
Clock: 74 Log: Customer 20 left Server 1 (waited: 0, total in system: 5)
Clock: 77 Log: Customer 22 arrived -> assigned to Server 1 (service time: 6)
Clock: 79 Log: Customer 21 left Server 2 (waited: 0, total in system: 5)
Clock: 82 Log: Customer 23 arrived -> assigned to Server 2 (service time: 4)
Clock: 83 Log: Customer 22 left Server 1 (waited: 0, total in system: 6)
Clock: 86 Log: Customer 23 left Server 2 (waited: 0, total in system: 4)
Clock: 87 Log: Customer 24 arrived -> assigned to Server 1 (service time: 3)
Clock: 89 Log: Customer 25 arrived -> assigned to Server 2 (service time: 3)
Clock: 90 Log: Customer 24 left Server 1 (waited: 0, total in system: 3)
Clock: 92 Log: Customer 25 left Server 2 (waited: 0, total in system: 3)
Clock: 92 Log: Customer 26 arrived -> assigned to Server 1 (service time: 5)
Clock: 97 Log: Customer 27 arrived -> assigned to Server 2 (service time: 3)
Clock: 97 Log: Customer 26 left Server 1 (waited: 0, total in system: 5)
Clock: 100 Log: Customer 27 left Server 2 (waited: 0, total in system: 3)
Clock: 100 Log: Customer 28 arrived -> assigned to Server 1 (service time: 5)
Clock: 105 Log: Customer 29 arrived -> assigned to Server 2 (service time: 6)
Clock: 105 Log: Customer 28 left Server 1 (waited: 0, total in system: 5)
Clock: 107 Log: Customer 30 arrived -> assigned to Server 1 (service time: 3)
Clock: 110 Log: Customer 30 left Server 1 (waited: 0, total in system: 3)
Clock: 111 Log: Customer 29 left Server 2 (waited: 0, total in system: 6)
Clock: 111 Log: Customer 31 arrived -> assigned to Server 1 (service time: 6)
Clock: 115 Log: Customer 32 arrived -> assigned to Server 2 (service time: 5)
Clock: 117 Log: Customer 31 left Server 1 (waited: 0, total in system: 6)
Clock: 118 Log: Customer 33 arrived -> assigned to Server 1 (service time: 6)
Clock: 120 Log: Customer 32 left Server 2 (waited: 0, total in system: 5)
Clock: 123 Log: Customer 34 arrived -> assigned to Server 2 (service time: 2)
Clock: 124 Log: Customer 33 left Server 1 (waited: 0, total in system: 6)
Clock: 125 Log: Customer 34 left Server 2 (waited: 0, total in system: 2)
Clock: 126 Log: Customer 35 arrived -> assigned to Server 1 (service time: 3)
Clock: 129 Log: Customer 35 left Server 1 (waited: 0, total in system: 3)
Clock: 131 Log: Customer 36 arrived -> assigned to Server 1 (service time: 6)
Clock: 133 Log: Customer 37 arrived -> assigned to Server 2 (service time: 4)
Clock: 134 Log: Customer 38 arrived but all servers busy, added to queue (queue size: 1)
Clock: 137 Log: Customer 36 left Server 1 (waited: 0, total in system: 6)
Clock: 137 Log: Customer 38 dequeued then assigned to Server 1 (service time: 4)
Clock: 137 Log: Customer 37 left Server 2 (waited: 0, total in system: 4)
Clock: 138 Log: Customer 39 arrived -> assigned to Server 2 (service time: 3)
Clock: 140 Log: Customer 40 arrived but all servers busy, added to queue (queue size: 1)
Clock: 141 Log: Customer 38 left Server 1 (waited: 3, total in system: 7)
Clock: 141 Log: Customer 40 dequeued then assigned to Server 1 (service time: 3)
Clock: 141 Log: Customer 39 left Server 2 (waited: 0, total in system: 3)
Clock: 142 Log: Customer 41 arrived -> assigned to Server 2 (service time: 2)
Clock: 144 Log: Customer 42 arrived but all servers busy, added to queue (queue size: 1)
Clock: 144 Log: Customer 40 left Server 1 (waited: 1, total in system: 4)
Clock: 144 Log: Customer 42 dequeued then assigned to Server 1 (service time: 6)
Clock: 144 Log: Customer 41 left Server 2 (waited: 0, total in system: 2)
Clock: 147 Log: Customer 43 arrived -> assigned to Server 2 (service time: 3)
Clock: 149 Log: Customer 44 arrived but all servers busy, added to queue (queue size: 1)
Clock: 150 Log: Customer 42 left Server 1 (waited: 0, total in system: 6)
Clock: 150 Log: Customer 44 dequeued then assigned to Server 1 (service time: 6)
Clock: 150 Log: Customer 43 left Server 2 (waited: 0, total in system: 3)
Clock: 154 Log: Customer 45 arrived -> assigned to Server 2 (service time: 2)
Clock: 156 Log: Customer 44 left Server 1 (waited: 1, total in system: 7)
Clock: 156 Log: Customer 45 left Server 2 (waited: 0, total in system: 2)
Clock: 158 Log: Customer 46 arrived -> assigned to Server 1 (service time: 4)
Clock: 162 Log: Customer 46 left Server 1 (waited: 0, total in system: 4)
Clock: 163 Log: Customer 47 arrived -> assigned to Server 1 (service time: 2)
Clock: 165 Log: Customer 47 left Server 1 (waited: 0, total in system: 2)
Clock: 167 Log: Customer 48 arrived -> assigned to Server 1 (service time: 4)
Clock: 169 Log: Customer 49 arrived -> assigned to Server 2 (service time: 4)
Clock: 170 Log: Customer 50 arrived but all servers busy, added to queue (queue size: 1)
Clock: 171 Log: Customer 48 left Server 1 (waited: 0, total in system: 4)
Clock: 171 Log: Customer 50 dequeued then assigned to Server 1 (service time: 6)
Clock: 173 Log: Customer 49 left Server 2 (waited: 0, total in system: 4)
Clock: 175 Log: Customer 51 arrived -> assigned to Server 2 (service time: 6)
Clock: 176 Log: Customer 52 arrived but all servers busy, added to queue (queue size: 1)
Clock: 177 Log: Customer 50 left Server 1 (waited: 1, total in system: 7)
Clock: 177 Log: Customer 52 dequeued then assigned to Server 1 (service time: 3)
Clock: 178 Log: Customer 53 arrived but all servers busy, added to queue (queue size: 1)
Clock: 180 Log: Customer 52 left Server 1 (waited: 1, total in system: 4)
Clock: 180 Log: Customer 53 dequeued then assigned to Server 1 (service time: 3)
Clock: 181 Log: Customer 51 left Server 2 (waited: 0, total in system: 6)
Clock: 183 Log: Customer 54 arrived -> assigned to Server 2 (service time: 5)
Clock: 183 Log: Customer 53 left Server 1 (waited: 2, total in system: 5)
Clock: 187 Log: Customer 55 arrived -> assigned to Server 1 (service time: 5)
Clock: 188 Log: Customer 54 left Server 2 (waited: 0, total in system: 5)
Clock: 191 Log: Customer 56 arrived -> assigned to Server 2 (service time: 3)
Clock: 192 Log: Customer 55 left Server 1 (waited: 0, total in system: 5)
Clock: 194 Log: Customer 56 left Server 2 (waited: 0, total in system: 3)
Clock: 195 Log: Customer 57 arrived -> assigned to Server 1 (service time: 5)
Clock: 200 Log: Customer 58 arrived -> assigned to Server 2 (service time: 4)
Clock: 200 Log: Customer 57 left Server 1 (waited: 0, total in system: 5)
Clock: 203 Log: Customer 59 arrived -> assigned to Server 1 (service time: 3)
Clock: 204 Log: Customer 58 left Server 2 (waited: 0, total in system: 4)
Clock: 206 Log: Customer 59 left Server 1 (waited: 0, total in system: 3)
Clock: 206 Log: Customer 60 arrived -> assigned to Server 1 (service time: 6)
Clock: 211 Log: Customer 61 arrived -> assigned to Server 2 (service time: 5)
Clock: 212 Log: Customer 60 left Server 1 (waited: 0, total in system: 6)
Clock: 216 Log: Customer 62 arrived -> assigned to Server 1 (service time: 6)
Clock: 216 Log: Customer 61 left Server 2 (waited: 0, total in system: 5)
Clock: 220 Log: Customer 63 arrived -> assigned to Server 2 (service time: 3)
Clock: 222 Log: Customer 64 arrived but all servers busy, added to queue (queue size: 1)
Clock: 222 Log: Customer 62 left Server 1 (waited: 0, total in system: 6)
Clock: 222 Log: Customer 64 dequeued then assigned to Server 1 (service time: 3)
Clock: 223 Log: Customer 63 left Server 2 (waited: 0, total in system: 3)
Clock: 225 Log: Customer 65 arrived -> assigned to Server 2 (service time: 6)
Clock: 225 Log: Customer 64 left Server 1 (waited: 0, total in system: 3)
Clock: 227 Log: Customer 66 arrived -> assigned to Server 1 (service time: 6)
Clock: 230 Log: Customer 67 arrived but all servers busy, added to queue (queue size: 1)
Clock: 231 Log: Customer 65 left Server 2 (waited: 0, total in system: 6)
Clock: 231 Log: Customer 67 dequeued then assigned to Server 2 (service time: 2)
Clock: 233 Log: Customer 66 left Server 1 (waited: 0, total in system: 6)
Clock: 233 Log: Customer 67 left Server 2 (waited: 1, total in system: 3)
Clock: 234 Log: Customer 68 arrived -> assigned to Server 1 (service time: 6)
Clock: 236 Log: Customer 69 arrived -> assigned to Server 2 (service time: 6)
Clock: 239 Log: Customer 70 arrived but all servers busy, added to queue (queue size: 1)
Clock: 240 Log: Customer 68 left Server 1 (waited: 0, total in system: 6)
Clock: 240 Log: Customer 70 dequeued then assigned to Server 1 (service time: 6)
Clock: 242 Log: Customer 69 left Server 2 (waited: 0, total in system: 6)
Clock: 244 Log: Customer 71 arrived -> assigned to Server 2 (service time: 3)
Clock: 245 Log: Customer 72 arrived but all servers busy, added to queue (queue size: 1)
Clock: 246 Log: Customer 70 left Server 1 (waited: 1, total in system: 7)
Clock: 246 Log: Customer 72 dequeued then assigned to Server 1 (service time: 4)
Clock: 247 Log: Customer 71 left Server 2 (waited: 0, total in system: 3)
Clock: 250 Log: Customer 73 arrived -> assigned to Server 2 (service time: 2)
Clock: 250 Log: Customer 72 left Server 1 (waited: 1, total in system: 5)
Clock: 252 Log: Customer 74 arrived -> assigned to Server 1 (service time: 6)
Clock: 252 Log: Customer 73 left Server 2 (waited: 0, total in system: 2)
Clock: 257 Log: Customer 75 arrived -> assigned to Server 2 (service time: 3)
Clock: 258 Log: Customer 74 left Server 1 (waited: 0, total in system: 6)
Clock: 260 Log: Customer 75 left Server 2 (waited: 0, total in system: 3)
Clock: 261 Log: Customer 76 arrived -> assigned to Server 1 (service time: 2)
Clock: 263 Log: Customer 76 left Server 1 (waited: 0, total in system: 2)
Clock: 266 Log: Customer 77 arrived -> assigned to Server 1 (service time: 6)
Clock: 271 Log: Customer 78 arrived -> assigned to Server 2 (service time: 2)
Clock: 272 Log: Customer 77 left Server 1 (waited: 0, total in system: 6)
Clock: 273 Log: Customer 78 left Server 2 (waited: 0, total in system: 2)
Clock: 275 Log: Customer 79 arrived -> assigned to Server 1 (service time: 2)
Clock: 277 Log: Customer 79 left Server 1 (waited: 0, total in system: 2)
Clock: 280 Log: Customer 80 arrived -> assigned to Server 1 (service time: 4)
Clock: 284 Log: Customer 81 arrived -> assigned to Server 2 (service time: 2)
Clock: 284 Log: Customer 80 left Server 1 (waited: 0, total in system: 4)
Clock: 286 Log: Customer 81 left Server 2 (waited: 0, total in system: 2)
Clock: 288 Log: Customer 82 arrived -> assigned to Server 1 (service time: 2)
Clock: 290 Log: Customer 82 left Server 1 (waited: 0, total in system: 2)
Clock: 292 Log: Customer 83 arrived -> assigned to Server 1 (service time: 2)
Clock: 294 Log: Customer 83 left Server 1 (waited: 0, total in system: 2)
Clock: 296 Log: Customer 84 arrived -> assigned to Server 1 (service time: 5)
Clock: 301 Log: Customer 85 arrived -> assigned to Server 2 (service time: 4)
Clock: 301 Log: Customer 84 left Server 1 (waited: 0, total in system: 5)
Clock: 305 Log: Customer 85 left Server 2 (waited: 0, total in system: 4)
Clock: 305 Log: Customer 86 arrived -> assigned to Server 1 (service time: 6)
Clock: 309 Log: Customer 87 arrived -> assigned to Server 2 (service time: 3)
Clock: 311 Log: Customer 88 arrived but all servers busy, added to queue (queue size: 1)
Clock: 311 Log: Customer 86 left Server 1 (waited: 0, total in system: 6)
Clock: 311 Log: Customer 88 dequeued then assigned to Server 1 (service time: 6)
Clock: 312 Log: Customer 87 left Server 2 (waited: 0, total in system: 3)
Clock: 315 Log: Customer 89 arrived -> assigned to Server 2 (service time: 5)
Clock: 317 Log: Customer 90 arrived but all servers busy, added to queue (queue size: 1)
Clock: 317 Log: Customer 88 left Server 1 (waited: 0, total in system: 6)
Clock: 317 Log: Customer 90 dequeued then assigned to Server 1 (service time: 5)
Clock: 320 Log: Customer 89 left Server 2 (waited: 0, total in system: 5)
Clock: 321 Log: Customer 91 arrived -> assigned to Server 2 (service time: 2)
Clock: 322 Log: Customer 90 left Server 1 (waited: 0, total in system: 5)
Clock: 323 Log: Customer 91 left Server 2 (waited: 0, total in system: 2)
Clock: 324 Log: Customer 92 arrived -> assigned to Server 1 (service time: 3)
Clock: 326 Log: Customer 93 arrived -> assigned to Server 2 (service time: 3)
Clock: 327 Log: Customer 92 left Server 1 (waited: 0, total in system: 3)
Clock: 329 Log: Customer 93 left Server 2 (waited: 0, total in system: 3)
Clock: 330 Log: Customer 94 arrived -> assigned to Server 1 (service time: 3)
Clock: 333 Log: Customer 94 left Server 1 (waited: 0, total in system: 3)
Clock: 335 Log: Customer 95 arrived -> assigned to Server 1 (service time: 2)
Clock: 337 Log: Customer 95 left Server 1 (waited: 0, total in system: 2)
Clock: 339 Log: Customer 96 arrived -> assigned to Server 1 (service time: 6)
Clock: 343 Log: Customer 97 arrived -> assigned to Server 2 (service time: 2)
Clock: 345 Log: Customer 96 left Server 1 (waited: 0, total in system: 6)
Clock: 345 Log: Customer 97 left Server 2 (waited: 0, total in system: 2)
Clock: 345 Log: Customer 98 arrived -> assigned to Server 1 (service time: 4)
Clock: 349 Log: Customer 98 left Server 1 (waited: 0, total in system: 4)
Clock: 350 Log: Customer 99 arrived -> assigned to Server 1 (service time: 6)
Clock: 352 Log: Customer 100 arrived -> assigned to Server 2 (service time: 4)
Clock: 356 Log: Customer 99 left Server 1 (waited: 0, total in system: 6)
Clock: 356 Log: Customer 100 left Server 2 (waited: 0, total in system: 4)
